ARM GAS  /tmp/ccmePoen.s 			page 1


   1              		.cpu cortex-m3
   2              		.arch armv7-m
   3              		.fpu softvfp
   4              		.eabi_attribute 20, 1
   5              		.eabi_attribute 21, 1
   6              		.eabi_attribute 23, 3
   7              		.eabi_attribute 24, 1
   8              		.eabi_attribute 25, 1
   9              		.eabi_attribute 26, 1
  10              		.eabi_attribute 30, 1
  11              		.eabi_attribute 34, 1
  12              		.eabi_attribute 18, 4
  13              		.file	"stm32f1xx_ll_pwr.c"
  14              		.text
  15              	.Ltext0:
  16              		.cfi_sections	.debug_frame
  17              		.file 1 "Drivers/STM32F1xx_HAL_Driver/Src/stm32f1xx_ll_pwr.c"
  18              		.section	.text.LL_PWR_DeInit,"ax",%progbits
  19              		.align	1
  20              		.global	LL_PWR_DeInit
  21              		.syntax unified
  22              		.thumb
  23              		.thumb_func
  25              	LL_PWR_DeInit:
  26              	.LFB98:
   1:Drivers/STM32F1xx_HAL_Driver/Src/stm32f1xx_ll_pwr.c **** /**
   2:Drivers/STM32F1xx_HAL_Driver/Src/stm32f1xx_ll_pwr.c ****   ******************************************************************************
   3:Drivers/STM32F1xx_HAL_Driver/Src/stm32f1xx_ll_pwr.c ****   * @file    stm32f1xx_ll_pwr.c
   4:Drivers/STM32F1xx_HAL_Driver/Src/stm32f1xx_ll_pwr.c ****   * @author  MCD Application Team
   5:Drivers/STM32F1xx_HAL_Driver/Src/stm32f1xx_ll_pwr.c ****   * @brief   PWR LL module driver.
   6:Drivers/STM32F1xx_HAL_Driver/Src/stm32f1xx_ll_pwr.c ****   ******************************************************************************
   7:Drivers/STM32F1xx_HAL_Driver/Src/stm32f1xx_ll_pwr.c ****   * @attention
   8:Drivers/STM32F1xx_HAL_Driver/Src/stm32f1xx_ll_pwr.c ****   *
   9:Drivers/STM32F1xx_HAL_Driver/Src/stm32f1xx_ll_pwr.c ****   * Copyright (c) 2016 STMicroelectronics.
  10:Drivers/STM32F1xx_HAL_Driver/Src/stm32f1xx_ll_pwr.c ****   * All rights reserved.
  11:Drivers/STM32F1xx_HAL_Driver/Src/stm32f1xx_ll_pwr.c ****   *
  12:Drivers/STM32F1xx_HAL_Driver/Src/stm32f1xx_ll_pwr.c ****   * This software is licensed under terms that can be found in the LICENSE file
  13:Drivers/STM32F1xx_HAL_Driver/Src/stm32f1xx_ll_pwr.c ****   * in the root directory of this software component.
  14:Drivers/STM32F1xx_HAL_Driver/Src/stm32f1xx_ll_pwr.c ****   * If no LICENSE file comes with this software, it is provided AS-IS.
  15:Drivers/STM32F1xx_HAL_Driver/Src/stm32f1xx_ll_pwr.c ****   *
  16:Drivers/STM32F1xx_HAL_Driver/Src/stm32f1xx_ll_pwr.c ****   ******************************************************************************
  17:Drivers/STM32F1xx_HAL_Driver/Src/stm32f1xx_ll_pwr.c ****   */
  18:Drivers/STM32F1xx_HAL_Driver/Src/stm32f1xx_ll_pwr.c **** 
  19:Drivers/STM32F1xx_HAL_Driver/Src/stm32f1xx_ll_pwr.c **** #if defined(USE_FULL_LL_DRIVER)
  20:Drivers/STM32F1xx_HAL_Driver/Src/stm32f1xx_ll_pwr.c **** 
  21:Drivers/STM32F1xx_HAL_Driver/Src/stm32f1xx_ll_pwr.c **** /* Includes ------------------------------------------------------------------*/
  22:Drivers/STM32F1xx_HAL_Driver/Src/stm32f1xx_ll_pwr.c **** #include "stm32f1xx_ll_pwr.h"
  23:Drivers/STM32F1xx_HAL_Driver/Src/stm32f1xx_ll_pwr.c **** #include "stm32f1xx_ll_bus.h"
  24:Drivers/STM32F1xx_HAL_Driver/Src/stm32f1xx_ll_pwr.c **** 
  25:Drivers/STM32F1xx_HAL_Driver/Src/stm32f1xx_ll_pwr.c **** /** @addtogroup STM32F1xx_LL_Driver
  26:Drivers/STM32F1xx_HAL_Driver/Src/stm32f1xx_ll_pwr.c ****   * @{
  27:Drivers/STM32F1xx_HAL_Driver/Src/stm32f1xx_ll_pwr.c ****   */
  28:Drivers/STM32F1xx_HAL_Driver/Src/stm32f1xx_ll_pwr.c **** 
  29:Drivers/STM32F1xx_HAL_Driver/Src/stm32f1xx_ll_pwr.c **** #if defined(PWR)
  30:Drivers/STM32F1xx_HAL_Driver/Src/stm32f1xx_ll_pwr.c **** 
  31:Drivers/STM32F1xx_HAL_Driver/Src/stm32f1xx_ll_pwr.c **** /** @defgroup PWR_LL PWR
  32:Drivers/STM32F1xx_HAL_Driver/Src/stm32f1xx_ll_pwr.c ****   * @{
ARM GAS  /tmp/ccmePoen.s 			page 2


  33:Drivers/STM32F1xx_HAL_Driver/Src/stm32f1xx_ll_pwr.c ****   */
  34:Drivers/STM32F1xx_HAL_Driver/Src/stm32f1xx_ll_pwr.c **** 
  35:Drivers/STM32F1xx_HAL_Driver/Src/stm32f1xx_ll_pwr.c **** /* Private types -------------------------------------------------------------*/
  36:Drivers/STM32F1xx_HAL_Driver/Src/stm32f1xx_ll_pwr.c **** /* Private variables ---------------------------------------------------------*/
  37:Drivers/STM32F1xx_HAL_Driver/Src/stm32f1xx_ll_pwr.c **** /* Private constants ---------------------------------------------------------*/
  38:Drivers/STM32F1xx_HAL_Driver/Src/stm32f1xx_ll_pwr.c **** /* Private macros ------------------------------------------------------------*/
  39:Drivers/STM32F1xx_HAL_Driver/Src/stm32f1xx_ll_pwr.c **** /* Private function prototypes -----------------------------------------------*/
  40:Drivers/STM32F1xx_HAL_Driver/Src/stm32f1xx_ll_pwr.c **** 
  41:Drivers/STM32F1xx_HAL_Driver/Src/stm32f1xx_ll_pwr.c **** /* Exported functions --------------------------------------------------------*/
  42:Drivers/STM32F1xx_HAL_Driver/Src/stm32f1xx_ll_pwr.c **** /** @addtogroup PWR_LL_Exported_Functions
  43:Drivers/STM32F1xx_HAL_Driver/Src/stm32f1xx_ll_pwr.c ****   * @{
  44:Drivers/STM32F1xx_HAL_Driver/Src/stm32f1xx_ll_pwr.c ****   */
  45:Drivers/STM32F1xx_HAL_Driver/Src/stm32f1xx_ll_pwr.c **** 
  46:Drivers/STM32F1xx_HAL_Driver/Src/stm32f1xx_ll_pwr.c **** /** @addtogroup PWR_LL_EF_Init
  47:Drivers/STM32F1xx_HAL_Driver/Src/stm32f1xx_ll_pwr.c ****   * @{
  48:Drivers/STM32F1xx_HAL_Driver/Src/stm32f1xx_ll_pwr.c ****   */
  49:Drivers/STM32F1xx_HAL_Driver/Src/stm32f1xx_ll_pwr.c **** 
  50:Drivers/STM32F1xx_HAL_Driver/Src/stm32f1xx_ll_pwr.c **** /**
  51:Drivers/STM32F1xx_HAL_Driver/Src/stm32f1xx_ll_pwr.c ****   * @brief  De-initialize the PWR registers to their default reset values.
  52:Drivers/STM32F1xx_HAL_Driver/Src/stm32f1xx_ll_pwr.c ****   * @retval An ErrorStatus enumeration value:
  53:Drivers/STM32F1xx_HAL_Driver/Src/stm32f1xx_ll_pwr.c ****   *          - SUCCESS: PWR registers are de-initialized
  54:Drivers/STM32F1xx_HAL_Driver/Src/stm32f1xx_ll_pwr.c ****   *          - ERROR: not applicable
  55:Drivers/STM32F1xx_HAL_Driver/Src/stm32f1xx_ll_pwr.c ****   */
  56:Drivers/STM32F1xx_HAL_Driver/Src/stm32f1xx_ll_pwr.c **** ErrorStatus LL_PWR_DeInit(void)
  57:Drivers/STM32F1xx_HAL_Driver/Src/stm32f1xx_ll_pwr.c **** {
  27              		.loc 1 57 1 view -0
  28              		.cfi_startproc
  29              		@ args = 0, pretend = 0, frame = 0
  30              		@ frame_needed = 0, uses_anonymous_args = 0
  31              		@ link register save eliminated.
  58:Drivers/STM32F1xx_HAL_Driver/Src/stm32f1xx_ll_pwr.c ****   /* Force reset of PWR clock */
  59:Drivers/STM32F1xx_HAL_Driver/Src/stm32f1xx_ll_pwr.c ****   LL_APB1_GRP1_ForceReset(LL_APB1_GRP1_PERIPH_PWR);
  32              		.loc 1 59 3 view .LVU1
  33              	.LVL0:
  34              	.LBB6:
  35              	.LBI6:
  36              		.file 2 "Drivers/STM32F1xx_HAL_Driver/Inc/stm32f1xx_ll_bus.h"
   1:Drivers/STM32F1xx_HAL_Driver/Inc/stm32f1xx_ll_bus.h **** /**
   2:Drivers/STM32F1xx_HAL_Driver/Inc/stm32f1xx_ll_bus.h ****   ******************************************************************************
   3:Drivers/STM32F1xx_HAL_Driver/Inc/stm32f1xx_ll_bus.h ****   * @file    stm32f1xx_ll_bus.h
   4:Drivers/STM32F1xx_HAL_Driver/Inc/stm32f1xx_ll_bus.h ****   * @author  MCD Application Team
   5:Drivers/STM32F1xx_HAL_Driver/Inc/stm32f1xx_ll_bus.h ****   * @brief   Header file of BUS LL module.
   6:Drivers/STM32F1xx_HAL_Driver/Inc/stm32f1xx_ll_bus.h **** 
   7:Drivers/STM32F1xx_HAL_Driver/Inc/stm32f1xx_ll_bus.h ****   @verbatim
   8:Drivers/STM32F1xx_HAL_Driver/Inc/stm32f1xx_ll_bus.h ****                       ##### RCC Limitations #####
   9:Drivers/STM32F1xx_HAL_Driver/Inc/stm32f1xx_ll_bus.h ****   ==============================================================================
  10:Drivers/STM32F1xx_HAL_Driver/Inc/stm32f1xx_ll_bus.h ****     [..]
  11:Drivers/STM32F1xx_HAL_Driver/Inc/stm32f1xx_ll_bus.h ****       A delay between an RCC peripheral clock enable and the effective peripheral
  12:Drivers/STM32F1xx_HAL_Driver/Inc/stm32f1xx_ll_bus.h ****       enabling should be taken into account in order to manage the peripheral read/write
  13:Drivers/STM32F1xx_HAL_Driver/Inc/stm32f1xx_ll_bus.h ****       from/to registers.
  14:Drivers/STM32F1xx_HAL_Driver/Inc/stm32f1xx_ll_bus.h ****       (+) This delay depends on the peripheral mapping.
  15:Drivers/STM32F1xx_HAL_Driver/Inc/stm32f1xx_ll_bus.h ****         (++) AHB & APB peripherals, 1 dummy read is necessary
  16:Drivers/STM32F1xx_HAL_Driver/Inc/stm32f1xx_ll_bus.h **** 
  17:Drivers/STM32F1xx_HAL_Driver/Inc/stm32f1xx_ll_bus.h ****     [..]
  18:Drivers/STM32F1xx_HAL_Driver/Inc/stm32f1xx_ll_bus.h ****       Workarounds:
  19:Drivers/STM32F1xx_HAL_Driver/Inc/stm32f1xx_ll_bus.h ****       (#) For AHB & APB peripherals, a dummy read to the peripheral register has been
  20:Drivers/STM32F1xx_HAL_Driver/Inc/stm32f1xx_ll_bus.h ****           inserted in each LL_{BUS}_GRP{x}_EnableClock() function.
ARM GAS  /tmp/ccmePoen.s 			page 3


  21:Drivers/STM32F1xx_HAL_Driver/Inc/stm32f1xx_ll_bus.h **** 
  22:Drivers/STM32F1xx_HAL_Driver/Inc/stm32f1xx_ll_bus.h ****   @endverbatim
  23:Drivers/STM32F1xx_HAL_Driver/Inc/stm32f1xx_ll_bus.h ****   ******************************************************************************
  24:Drivers/STM32F1xx_HAL_Driver/Inc/stm32f1xx_ll_bus.h ****   * @attention
  25:Drivers/STM32F1xx_HAL_Driver/Inc/stm32f1xx_ll_bus.h ****   *
  26:Drivers/STM32F1xx_HAL_Driver/Inc/stm32f1xx_ll_bus.h ****   * Copyright (c) 2016 STMicroelectronics.
  27:Drivers/STM32F1xx_HAL_Driver/Inc/stm32f1xx_ll_bus.h ****   * All rights reserved.
  28:Drivers/STM32F1xx_HAL_Driver/Inc/stm32f1xx_ll_bus.h ****   *
  29:Drivers/STM32F1xx_HAL_Driver/Inc/stm32f1xx_ll_bus.h ****   * This software is licensed under terms that can be found in the LICENSE file in
  30:Drivers/STM32F1xx_HAL_Driver/Inc/stm32f1xx_ll_bus.h ****   * the root directory of this software component.
  31:Drivers/STM32F1xx_HAL_Driver/Inc/stm32f1xx_ll_bus.h ****   * If no LICENSE file comes with this software, it is provided AS-IS.
  32:Drivers/STM32F1xx_HAL_Driver/Inc/stm32f1xx_ll_bus.h ****   ******************************************************************************
  33:Drivers/STM32F1xx_HAL_Driver/Inc/stm32f1xx_ll_bus.h ****   */
  34:Drivers/STM32F1xx_HAL_Driver/Inc/stm32f1xx_ll_bus.h **** 
  35:Drivers/STM32F1xx_HAL_Driver/Inc/stm32f1xx_ll_bus.h **** /* Define to prevent recursive inclusion -------------------------------------*/
  36:Drivers/STM32F1xx_HAL_Driver/Inc/stm32f1xx_ll_bus.h **** #ifndef __STM32F1xx_LL_BUS_H
  37:Drivers/STM32F1xx_HAL_Driver/Inc/stm32f1xx_ll_bus.h **** #define __STM32F1xx_LL_BUS_H
  38:Drivers/STM32F1xx_HAL_Driver/Inc/stm32f1xx_ll_bus.h **** 
  39:Drivers/STM32F1xx_HAL_Driver/Inc/stm32f1xx_ll_bus.h **** #ifdef __cplusplus
  40:Drivers/STM32F1xx_HAL_Driver/Inc/stm32f1xx_ll_bus.h **** extern "C" {
  41:Drivers/STM32F1xx_HAL_Driver/Inc/stm32f1xx_ll_bus.h **** #endif
  42:Drivers/STM32F1xx_HAL_Driver/Inc/stm32f1xx_ll_bus.h **** 
  43:Drivers/STM32F1xx_HAL_Driver/Inc/stm32f1xx_ll_bus.h **** /* Includes ------------------------------------------------------------------*/
  44:Drivers/STM32F1xx_HAL_Driver/Inc/stm32f1xx_ll_bus.h **** #include "stm32f1xx.h"
  45:Drivers/STM32F1xx_HAL_Driver/Inc/stm32f1xx_ll_bus.h **** 
  46:Drivers/STM32F1xx_HAL_Driver/Inc/stm32f1xx_ll_bus.h **** /** @addtogroup STM32F1xx_LL_Driver
  47:Drivers/STM32F1xx_HAL_Driver/Inc/stm32f1xx_ll_bus.h ****   * @{
  48:Drivers/STM32F1xx_HAL_Driver/Inc/stm32f1xx_ll_bus.h ****   */
  49:Drivers/STM32F1xx_HAL_Driver/Inc/stm32f1xx_ll_bus.h **** 
  50:Drivers/STM32F1xx_HAL_Driver/Inc/stm32f1xx_ll_bus.h **** #if defined(RCC)
  51:Drivers/STM32F1xx_HAL_Driver/Inc/stm32f1xx_ll_bus.h **** 
  52:Drivers/STM32F1xx_HAL_Driver/Inc/stm32f1xx_ll_bus.h **** /** @defgroup BUS_LL BUS
  53:Drivers/STM32F1xx_HAL_Driver/Inc/stm32f1xx_ll_bus.h ****   * @{
  54:Drivers/STM32F1xx_HAL_Driver/Inc/stm32f1xx_ll_bus.h ****   */
  55:Drivers/STM32F1xx_HAL_Driver/Inc/stm32f1xx_ll_bus.h **** 
  56:Drivers/STM32F1xx_HAL_Driver/Inc/stm32f1xx_ll_bus.h **** /* Private types -------------------------------------------------------------*/
  57:Drivers/STM32F1xx_HAL_Driver/Inc/stm32f1xx_ll_bus.h **** /* Private variables ---------------------------------------------------------*/
  58:Drivers/STM32F1xx_HAL_Driver/Inc/stm32f1xx_ll_bus.h **** 
  59:Drivers/STM32F1xx_HAL_Driver/Inc/stm32f1xx_ll_bus.h **** /* Private constants ---------------------------------------------------------*/
  60:Drivers/STM32F1xx_HAL_Driver/Inc/stm32f1xx_ll_bus.h **** #if defined(RCC_AHBRSTR_OTGFSRST) || defined(RCC_AHBRSTR_ETHMACRST)
  61:Drivers/STM32F1xx_HAL_Driver/Inc/stm32f1xx_ll_bus.h **** #define RCC_AHBRSTR_SUPPORT
  62:Drivers/STM32F1xx_HAL_Driver/Inc/stm32f1xx_ll_bus.h **** #endif /* RCC_AHBRSTR_OTGFSRST || RCC_AHBRSTR_ETHMACRST */
  63:Drivers/STM32F1xx_HAL_Driver/Inc/stm32f1xx_ll_bus.h **** 
  64:Drivers/STM32F1xx_HAL_Driver/Inc/stm32f1xx_ll_bus.h **** /* Private macros ------------------------------------------------------------*/
  65:Drivers/STM32F1xx_HAL_Driver/Inc/stm32f1xx_ll_bus.h **** 
  66:Drivers/STM32F1xx_HAL_Driver/Inc/stm32f1xx_ll_bus.h **** /* Exported types ------------------------------------------------------------*/
  67:Drivers/STM32F1xx_HAL_Driver/Inc/stm32f1xx_ll_bus.h **** /* Exported constants --------------------------------------------------------*/
  68:Drivers/STM32F1xx_HAL_Driver/Inc/stm32f1xx_ll_bus.h **** /** @defgroup BUS_LL_Exported_Constants BUS Exported Constants
  69:Drivers/STM32F1xx_HAL_Driver/Inc/stm32f1xx_ll_bus.h ****   * @{
  70:Drivers/STM32F1xx_HAL_Driver/Inc/stm32f1xx_ll_bus.h ****   */
  71:Drivers/STM32F1xx_HAL_Driver/Inc/stm32f1xx_ll_bus.h **** 
  72:Drivers/STM32F1xx_HAL_Driver/Inc/stm32f1xx_ll_bus.h **** /** @defgroup BUS_LL_EC_AHB1_GRP1_PERIPH  AHB1 GRP1 PERIPH
  73:Drivers/STM32F1xx_HAL_Driver/Inc/stm32f1xx_ll_bus.h ****   * @{
  74:Drivers/STM32F1xx_HAL_Driver/Inc/stm32f1xx_ll_bus.h ****   */
  75:Drivers/STM32F1xx_HAL_Driver/Inc/stm32f1xx_ll_bus.h **** #define LL_AHB1_GRP1_PERIPH_ALL            (uint32_t)0xFFFFFFFFU
  76:Drivers/STM32F1xx_HAL_Driver/Inc/stm32f1xx_ll_bus.h **** #define LL_AHB1_GRP1_PERIPH_CRC            RCC_AHBENR_CRCEN
  77:Drivers/STM32F1xx_HAL_Driver/Inc/stm32f1xx_ll_bus.h **** #define LL_AHB1_GRP1_PERIPH_DMA1           RCC_AHBENR_DMA1EN
ARM GAS  /tmp/ccmePoen.s 			page 4


  78:Drivers/STM32F1xx_HAL_Driver/Inc/stm32f1xx_ll_bus.h **** #if defined(DMA2)
  79:Drivers/STM32F1xx_HAL_Driver/Inc/stm32f1xx_ll_bus.h **** #define LL_AHB1_GRP1_PERIPH_DMA2           RCC_AHBENR_DMA2EN
  80:Drivers/STM32F1xx_HAL_Driver/Inc/stm32f1xx_ll_bus.h **** #endif /*DMA2*/
  81:Drivers/STM32F1xx_HAL_Driver/Inc/stm32f1xx_ll_bus.h **** #if defined(ETH)
  82:Drivers/STM32F1xx_HAL_Driver/Inc/stm32f1xx_ll_bus.h **** #define LL_AHB1_GRP1_PERIPH_ETHMAC         RCC_AHBENR_ETHMACEN
  83:Drivers/STM32F1xx_HAL_Driver/Inc/stm32f1xx_ll_bus.h **** #define LL_AHB1_GRP1_PERIPH_ETHMACRX       RCC_AHBENR_ETHMACRXEN
  84:Drivers/STM32F1xx_HAL_Driver/Inc/stm32f1xx_ll_bus.h **** #define LL_AHB1_GRP1_PERIPH_ETHMACTX       RCC_AHBENR_ETHMACTXEN
  85:Drivers/STM32F1xx_HAL_Driver/Inc/stm32f1xx_ll_bus.h **** #endif /*ETH*/
  86:Drivers/STM32F1xx_HAL_Driver/Inc/stm32f1xx_ll_bus.h **** #define LL_AHB1_GRP1_PERIPH_FLASH          RCC_AHBENR_FLITFEN
  87:Drivers/STM32F1xx_HAL_Driver/Inc/stm32f1xx_ll_bus.h **** #if defined(FSMC_Bank1)
  88:Drivers/STM32F1xx_HAL_Driver/Inc/stm32f1xx_ll_bus.h **** #define LL_AHB1_GRP1_PERIPH_FSMC           RCC_AHBENR_FSMCEN
  89:Drivers/STM32F1xx_HAL_Driver/Inc/stm32f1xx_ll_bus.h **** #endif /*FSMC_Bank1*/
  90:Drivers/STM32F1xx_HAL_Driver/Inc/stm32f1xx_ll_bus.h **** #if defined(USB_OTG_FS)
  91:Drivers/STM32F1xx_HAL_Driver/Inc/stm32f1xx_ll_bus.h **** #define LL_AHB1_GRP1_PERIPH_OTGFS          RCC_AHBENR_OTGFSEN
  92:Drivers/STM32F1xx_HAL_Driver/Inc/stm32f1xx_ll_bus.h **** #endif /*USB_OTG_FS*/
  93:Drivers/STM32F1xx_HAL_Driver/Inc/stm32f1xx_ll_bus.h **** #if defined(SDIO)
  94:Drivers/STM32F1xx_HAL_Driver/Inc/stm32f1xx_ll_bus.h **** #define LL_AHB1_GRP1_PERIPH_SDIO           RCC_AHBENR_SDIOEN
  95:Drivers/STM32F1xx_HAL_Driver/Inc/stm32f1xx_ll_bus.h **** #endif /*SDIO*/
  96:Drivers/STM32F1xx_HAL_Driver/Inc/stm32f1xx_ll_bus.h **** #define LL_AHB1_GRP1_PERIPH_SRAM           RCC_AHBENR_SRAMEN
  97:Drivers/STM32F1xx_HAL_Driver/Inc/stm32f1xx_ll_bus.h **** /**
  98:Drivers/STM32F1xx_HAL_Driver/Inc/stm32f1xx_ll_bus.h ****   * @}
  99:Drivers/STM32F1xx_HAL_Driver/Inc/stm32f1xx_ll_bus.h ****   */
 100:Drivers/STM32F1xx_HAL_Driver/Inc/stm32f1xx_ll_bus.h **** 
 101:Drivers/STM32F1xx_HAL_Driver/Inc/stm32f1xx_ll_bus.h **** /** @defgroup BUS_LL_EC_APB1_GRP1_PERIPH  APB1 GRP1 PERIPH
 102:Drivers/STM32F1xx_HAL_Driver/Inc/stm32f1xx_ll_bus.h ****   * @{
 103:Drivers/STM32F1xx_HAL_Driver/Inc/stm32f1xx_ll_bus.h ****   */
 104:Drivers/STM32F1xx_HAL_Driver/Inc/stm32f1xx_ll_bus.h **** #define LL_APB1_GRP1_PERIPH_ALL            (uint32_t)0xFFFFFFFFU
 105:Drivers/STM32F1xx_HAL_Driver/Inc/stm32f1xx_ll_bus.h **** #define LL_APB1_GRP1_PERIPH_BKP            RCC_APB1ENR_BKPEN
 106:Drivers/STM32F1xx_HAL_Driver/Inc/stm32f1xx_ll_bus.h **** #if defined(CAN1)
 107:Drivers/STM32F1xx_HAL_Driver/Inc/stm32f1xx_ll_bus.h **** #define LL_APB1_GRP1_PERIPH_CAN1           RCC_APB1ENR_CAN1EN
 108:Drivers/STM32F1xx_HAL_Driver/Inc/stm32f1xx_ll_bus.h **** #endif /*CAN1*/
 109:Drivers/STM32F1xx_HAL_Driver/Inc/stm32f1xx_ll_bus.h **** #if defined(CAN2)
 110:Drivers/STM32F1xx_HAL_Driver/Inc/stm32f1xx_ll_bus.h **** #define LL_APB1_GRP1_PERIPH_CAN2           RCC_APB1ENR_CAN2EN
 111:Drivers/STM32F1xx_HAL_Driver/Inc/stm32f1xx_ll_bus.h **** #endif /*CAN2*/
 112:Drivers/STM32F1xx_HAL_Driver/Inc/stm32f1xx_ll_bus.h **** #if defined(CEC)
 113:Drivers/STM32F1xx_HAL_Driver/Inc/stm32f1xx_ll_bus.h **** #define LL_APB1_GRP1_PERIPH_CEC            RCC_APB1ENR_CECEN
 114:Drivers/STM32F1xx_HAL_Driver/Inc/stm32f1xx_ll_bus.h **** #endif /*CEC*/
 115:Drivers/STM32F1xx_HAL_Driver/Inc/stm32f1xx_ll_bus.h **** #if defined(DAC)
 116:Drivers/STM32F1xx_HAL_Driver/Inc/stm32f1xx_ll_bus.h **** #define LL_APB1_GRP1_PERIPH_DAC1           RCC_APB1ENR_DACEN
 117:Drivers/STM32F1xx_HAL_Driver/Inc/stm32f1xx_ll_bus.h **** #endif /*DAC*/
 118:Drivers/STM32F1xx_HAL_Driver/Inc/stm32f1xx_ll_bus.h **** #define LL_APB1_GRP1_PERIPH_I2C1           RCC_APB1ENR_I2C1EN
 119:Drivers/STM32F1xx_HAL_Driver/Inc/stm32f1xx_ll_bus.h **** #if defined(I2C2)
 120:Drivers/STM32F1xx_HAL_Driver/Inc/stm32f1xx_ll_bus.h **** #define LL_APB1_GRP1_PERIPH_I2C2           RCC_APB1ENR_I2C2EN
 121:Drivers/STM32F1xx_HAL_Driver/Inc/stm32f1xx_ll_bus.h **** #endif /*I2C2*/
 122:Drivers/STM32F1xx_HAL_Driver/Inc/stm32f1xx_ll_bus.h **** #define LL_APB1_GRP1_PERIPH_PWR            RCC_APB1ENR_PWREN
 123:Drivers/STM32F1xx_HAL_Driver/Inc/stm32f1xx_ll_bus.h **** #if defined(SPI2)
 124:Drivers/STM32F1xx_HAL_Driver/Inc/stm32f1xx_ll_bus.h **** #define LL_APB1_GRP1_PERIPH_SPI2           RCC_APB1ENR_SPI2EN
 125:Drivers/STM32F1xx_HAL_Driver/Inc/stm32f1xx_ll_bus.h **** #endif /*SPI2*/
 126:Drivers/STM32F1xx_HAL_Driver/Inc/stm32f1xx_ll_bus.h **** #if defined(SPI3)
 127:Drivers/STM32F1xx_HAL_Driver/Inc/stm32f1xx_ll_bus.h **** #define LL_APB1_GRP1_PERIPH_SPI3           RCC_APB1ENR_SPI3EN
 128:Drivers/STM32F1xx_HAL_Driver/Inc/stm32f1xx_ll_bus.h **** #endif /*SPI3*/
 129:Drivers/STM32F1xx_HAL_Driver/Inc/stm32f1xx_ll_bus.h **** #if defined(TIM12)
 130:Drivers/STM32F1xx_HAL_Driver/Inc/stm32f1xx_ll_bus.h **** #define LL_APB1_GRP1_PERIPH_TIM12          RCC_APB1ENR_TIM12EN
 131:Drivers/STM32F1xx_HAL_Driver/Inc/stm32f1xx_ll_bus.h **** #endif /*TIM12*/
 132:Drivers/STM32F1xx_HAL_Driver/Inc/stm32f1xx_ll_bus.h **** #if defined(TIM13)
 133:Drivers/STM32F1xx_HAL_Driver/Inc/stm32f1xx_ll_bus.h **** #define LL_APB1_GRP1_PERIPH_TIM13          RCC_APB1ENR_TIM13EN
 134:Drivers/STM32F1xx_HAL_Driver/Inc/stm32f1xx_ll_bus.h **** #endif /*TIM13*/
ARM GAS  /tmp/ccmePoen.s 			page 5


 135:Drivers/STM32F1xx_HAL_Driver/Inc/stm32f1xx_ll_bus.h **** #if defined(TIM14)
 136:Drivers/STM32F1xx_HAL_Driver/Inc/stm32f1xx_ll_bus.h **** #define LL_APB1_GRP1_PERIPH_TIM14          RCC_APB1ENR_TIM14EN
 137:Drivers/STM32F1xx_HAL_Driver/Inc/stm32f1xx_ll_bus.h **** #endif /*TIM14*/
 138:Drivers/STM32F1xx_HAL_Driver/Inc/stm32f1xx_ll_bus.h **** #define LL_APB1_GRP1_PERIPH_TIM2           RCC_APB1ENR_TIM2EN
 139:Drivers/STM32F1xx_HAL_Driver/Inc/stm32f1xx_ll_bus.h **** #define LL_APB1_GRP1_PERIPH_TIM3           RCC_APB1ENR_TIM3EN
 140:Drivers/STM32F1xx_HAL_Driver/Inc/stm32f1xx_ll_bus.h **** #if defined(TIM4)
 141:Drivers/STM32F1xx_HAL_Driver/Inc/stm32f1xx_ll_bus.h **** #define LL_APB1_GRP1_PERIPH_TIM4           RCC_APB1ENR_TIM4EN
 142:Drivers/STM32F1xx_HAL_Driver/Inc/stm32f1xx_ll_bus.h **** #endif /*TIM4*/
 143:Drivers/STM32F1xx_HAL_Driver/Inc/stm32f1xx_ll_bus.h **** #if defined(TIM5)
 144:Drivers/STM32F1xx_HAL_Driver/Inc/stm32f1xx_ll_bus.h **** #define LL_APB1_GRP1_PERIPH_TIM5           RCC_APB1ENR_TIM5EN
 145:Drivers/STM32F1xx_HAL_Driver/Inc/stm32f1xx_ll_bus.h **** #endif /*TIM5*/
 146:Drivers/STM32F1xx_HAL_Driver/Inc/stm32f1xx_ll_bus.h **** #if defined(TIM6)
 147:Drivers/STM32F1xx_HAL_Driver/Inc/stm32f1xx_ll_bus.h **** #define LL_APB1_GRP1_PERIPH_TIM6           RCC_APB1ENR_TIM6EN
 148:Drivers/STM32F1xx_HAL_Driver/Inc/stm32f1xx_ll_bus.h **** #endif /*TIM6*/
 149:Drivers/STM32F1xx_HAL_Driver/Inc/stm32f1xx_ll_bus.h **** #if defined(TIM7)
 150:Drivers/STM32F1xx_HAL_Driver/Inc/stm32f1xx_ll_bus.h **** #define LL_APB1_GRP1_PERIPH_TIM7           RCC_APB1ENR_TIM7EN
 151:Drivers/STM32F1xx_HAL_Driver/Inc/stm32f1xx_ll_bus.h **** #endif /*TIM7*/
 152:Drivers/STM32F1xx_HAL_Driver/Inc/stm32f1xx_ll_bus.h **** #if defined(UART4)
 153:Drivers/STM32F1xx_HAL_Driver/Inc/stm32f1xx_ll_bus.h **** #define LL_APB1_GRP1_PERIPH_UART4          RCC_APB1ENR_UART4EN
 154:Drivers/STM32F1xx_HAL_Driver/Inc/stm32f1xx_ll_bus.h **** #endif /*UART4*/
 155:Drivers/STM32F1xx_HAL_Driver/Inc/stm32f1xx_ll_bus.h **** #if defined(UART5)
 156:Drivers/STM32F1xx_HAL_Driver/Inc/stm32f1xx_ll_bus.h **** #define LL_APB1_GRP1_PERIPH_UART5          RCC_APB1ENR_UART5EN
 157:Drivers/STM32F1xx_HAL_Driver/Inc/stm32f1xx_ll_bus.h **** #endif /*UART5*/
 158:Drivers/STM32F1xx_HAL_Driver/Inc/stm32f1xx_ll_bus.h **** #define LL_APB1_GRP1_PERIPH_USART2         RCC_APB1ENR_USART2EN
 159:Drivers/STM32F1xx_HAL_Driver/Inc/stm32f1xx_ll_bus.h **** #if defined(USART3)
 160:Drivers/STM32F1xx_HAL_Driver/Inc/stm32f1xx_ll_bus.h **** #define LL_APB1_GRP1_PERIPH_USART3         RCC_APB1ENR_USART3EN
 161:Drivers/STM32F1xx_HAL_Driver/Inc/stm32f1xx_ll_bus.h **** #endif /*USART3*/
 162:Drivers/STM32F1xx_HAL_Driver/Inc/stm32f1xx_ll_bus.h **** #if defined(USB)
 163:Drivers/STM32F1xx_HAL_Driver/Inc/stm32f1xx_ll_bus.h **** #define LL_APB1_GRP1_PERIPH_USB            RCC_APB1ENR_USBEN
 164:Drivers/STM32F1xx_HAL_Driver/Inc/stm32f1xx_ll_bus.h **** #endif /*USB*/
 165:Drivers/STM32F1xx_HAL_Driver/Inc/stm32f1xx_ll_bus.h **** #define LL_APB1_GRP1_PERIPH_WWDG           RCC_APB1ENR_WWDGEN
 166:Drivers/STM32F1xx_HAL_Driver/Inc/stm32f1xx_ll_bus.h **** /**
 167:Drivers/STM32F1xx_HAL_Driver/Inc/stm32f1xx_ll_bus.h ****   * @}
 168:Drivers/STM32F1xx_HAL_Driver/Inc/stm32f1xx_ll_bus.h ****   */
 169:Drivers/STM32F1xx_HAL_Driver/Inc/stm32f1xx_ll_bus.h **** 
 170:Drivers/STM32F1xx_HAL_Driver/Inc/stm32f1xx_ll_bus.h **** /** @defgroup BUS_LL_EC_APB2_GRP1_PERIPH  APB2 GRP1 PERIPH
 171:Drivers/STM32F1xx_HAL_Driver/Inc/stm32f1xx_ll_bus.h ****   * @{
 172:Drivers/STM32F1xx_HAL_Driver/Inc/stm32f1xx_ll_bus.h ****   */
 173:Drivers/STM32F1xx_HAL_Driver/Inc/stm32f1xx_ll_bus.h **** #define LL_APB2_GRP1_PERIPH_ALL            (uint32_t)0xFFFFFFFFU
 174:Drivers/STM32F1xx_HAL_Driver/Inc/stm32f1xx_ll_bus.h **** #define LL_APB2_GRP1_PERIPH_ADC1           RCC_APB2ENR_ADC1EN
 175:Drivers/STM32F1xx_HAL_Driver/Inc/stm32f1xx_ll_bus.h **** #if defined(ADC2)
 176:Drivers/STM32F1xx_HAL_Driver/Inc/stm32f1xx_ll_bus.h **** #define LL_APB2_GRP1_PERIPH_ADC2           RCC_APB2ENR_ADC2EN
 177:Drivers/STM32F1xx_HAL_Driver/Inc/stm32f1xx_ll_bus.h **** #endif /*ADC2*/
 178:Drivers/STM32F1xx_HAL_Driver/Inc/stm32f1xx_ll_bus.h **** #if defined(ADC3)
 179:Drivers/STM32F1xx_HAL_Driver/Inc/stm32f1xx_ll_bus.h **** #define LL_APB2_GRP1_PERIPH_ADC3           RCC_APB2ENR_ADC3EN
 180:Drivers/STM32F1xx_HAL_Driver/Inc/stm32f1xx_ll_bus.h **** #endif /*ADC3*/
 181:Drivers/STM32F1xx_HAL_Driver/Inc/stm32f1xx_ll_bus.h **** #define LL_APB2_GRP1_PERIPH_AFIO           RCC_APB2ENR_AFIOEN
 182:Drivers/STM32F1xx_HAL_Driver/Inc/stm32f1xx_ll_bus.h **** #define LL_APB2_GRP1_PERIPH_GPIOA          RCC_APB2ENR_IOPAEN
 183:Drivers/STM32F1xx_HAL_Driver/Inc/stm32f1xx_ll_bus.h **** #define LL_APB2_GRP1_PERIPH_GPIOB          RCC_APB2ENR_IOPBEN
 184:Drivers/STM32F1xx_HAL_Driver/Inc/stm32f1xx_ll_bus.h **** #define LL_APB2_GRP1_PERIPH_GPIOC          RCC_APB2ENR_IOPCEN
 185:Drivers/STM32F1xx_HAL_Driver/Inc/stm32f1xx_ll_bus.h **** #define LL_APB2_GRP1_PERIPH_GPIOD          RCC_APB2ENR_IOPDEN
 186:Drivers/STM32F1xx_HAL_Driver/Inc/stm32f1xx_ll_bus.h **** #if defined(GPIOE)
 187:Drivers/STM32F1xx_HAL_Driver/Inc/stm32f1xx_ll_bus.h **** #define LL_APB2_GRP1_PERIPH_GPIOE          RCC_APB2ENR_IOPEEN
 188:Drivers/STM32F1xx_HAL_Driver/Inc/stm32f1xx_ll_bus.h **** #endif /*GPIOE*/
 189:Drivers/STM32F1xx_HAL_Driver/Inc/stm32f1xx_ll_bus.h **** #if defined(GPIOF)
 190:Drivers/STM32F1xx_HAL_Driver/Inc/stm32f1xx_ll_bus.h **** #define LL_APB2_GRP1_PERIPH_GPIOF          RCC_APB2ENR_IOPFEN
 191:Drivers/STM32F1xx_HAL_Driver/Inc/stm32f1xx_ll_bus.h **** #endif /*GPIOF*/
ARM GAS  /tmp/ccmePoen.s 			page 6


 192:Drivers/STM32F1xx_HAL_Driver/Inc/stm32f1xx_ll_bus.h **** #if defined(GPIOG)
 193:Drivers/STM32F1xx_HAL_Driver/Inc/stm32f1xx_ll_bus.h **** #define LL_APB2_GRP1_PERIPH_GPIOG          RCC_APB2ENR_IOPGEN
 194:Drivers/STM32F1xx_HAL_Driver/Inc/stm32f1xx_ll_bus.h **** #endif /*GPIOG*/
 195:Drivers/STM32F1xx_HAL_Driver/Inc/stm32f1xx_ll_bus.h **** #define LL_APB2_GRP1_PERIPH_SPI1           RCC_APB2ENR_SPI1EN
 196:Drivers/STM32F1xx_HAL_Driver/Inc/stm32f1xx_ll_bus.h **** #if defined(TIM10)
 197:Drivers/STM32F1xx_HAL_Driver/Inc/stm32f1xx_ll_bus.h **** #define LL_APB2_GRP1_PERIPH_TIM10          RCC_APB2ENR_TIM10EN
 198:Drivers/STM32F1xx_HAL_Driver/Inc/stm32f1xx_ll_bus.h **** #endif /*TIM10*/
 199:Drivers/STM32F1xx_HAL_Driver/Inc/stm32f1xx_ll_bus.h **** #if defined(TIM11)
 200:Drivers/STM32F1xx_HAL_Driver/Inc/stm32f1xx_ll_bus.h **** #define LL_APB2_GRP1_PERIPH_TIM11          RCC_APB2ENR_TIM11EN
 201:Drivers/STM32F1xx_HAL_Driver/Inc/stm32f1xx_ll_bus.h **** #endif /*TIM11*/
 202:Drivers/STM32F1xx_HAL_Driver/Inc/stm32f1xx_ll_bus.h **** #if defined(TIM15)
 203:Drivers/STM32F1xx_HAL_Driver/Inc/stm32f1xx_ll_bus.h **** #define LL_APB2_GRP1_PERIPH_TIM15          RCC_APB2ENR_TIM15EN
 204:Drivers/STM32F1xx_HAL_Driver/Inc/stm32f1xx_ll_bus.h **** #endif /*TIM15*/
 205:Drivers/STM32F1xx_HAL_Driver/Inc/stm32f1xx_ll_bus.h **** #if defined(TIM16)
 206:Drivers/STM32F1xx_HAL_Driver/Inc/stm32f1xx_ll_bus.h **** #define LL_APB2_GRP1_PERIPH_TIM16          RCC_APB2ENR_TIM16EN
 207:Drivers/STM32F1xx_HAL_Driver/Inc/stm32f1xx_ll_bus.h **** #endif /*TIM16*/
 208:Drivers/STM32F1xx_HAL_Driver/Inc/stm32f1xx_ll_bus.h **** #if defined(TIM17)
 209:Drivers/STM32F1xx_HAL_Driver/Inc/stm32f1xx_ll_bus.h **** #define LL_APB2_GRP1_PERIPH_TIM17          RCC_APB2ENR_TIM17EN
 210:Drivers/STM32F1xx_HAL_Driver/Inc/stm32f1xx_ll_bus.h **** #endif /*TIM17*/
 211:Drivers/STM32F1xx_HAL_Driver/Inc/stm32f1xx_ll_bus.h **** #define LL_APB2_GRP1_PERIPH_TIM1           RCC_APB2ENR_TIM1EN
 212:Drivers/STM32F1xx_HAL_Driver/Inc/stm32f1xx_ll_bus.h **** #if defined(TIM8)
 213:Drivers/STM32F1xx_HAL_Driver/Inc/stm32f1xx_ll_bus.h **** #define LL_APB2_GRP1_PERIPH_TIM8           RCC_APB2ENR_TIM8EN
 214:Drivers/STM32F1xx_HAL_Driver/Inc/stm32f1xx_ll_bus.h **** #endif /*TIM8*/
 215:Drivers/STM32F1xx_HAL_Driver/Inc/stm32f1xx_ll_bus.h **** #if defined(TIM9)
 216:Drivers/STM32F1xx_HAL_Driver/Inc/stm32f1xx_ll_bus.h **** #define LL_APB2_GRP1_PERIPH_TIM9           RCC_APB2ENR_TIM9EN
 217:Drivers/STM32F1xx_HAL_Driver/Inc/stm32f1xx_ll_bus.h **** #endif /*TIM9*/
 218:Drivers/STM32F1xx_HAL_Driver/Inc/stm32f1xx_ll_bus.h **** #define LL_APB2_GRP1_PERIPH_USART1         RCC_APB2ENR_USART1EN
 219:Drivers/STM32F1xx_HAL_Driver/Inc/stm32f1xx_ll_bus.h **** /**
 220:Drivers/STM32F1xx_HAL_Driver/Inc/stm32f1xx_ll_bus.h ****   * @}
 221:Drivers/STM32F1xx_HAL_Driver/Inc/stm32f1xx_ll_bus.h ****   */
 222:Drivers/STM32F1xx_HAL_Driver/Inc/stm32f1xx_ll_bus.h **** 
 223:Drivers/STM32F1xx_HAL_Driver/Inc/stm32f1xx_ll_bus.h **** /**
 224:Drivers/STM32F1xx_HAL_Driver/Inc/stm32f1xx_ll_bus.h ****   * @}
 225:Drivers/STM32F1xx_HAL_Driver/Inc/stm32f1xx_ll_bus.h ****   */
 226:Drivers/STM32F1xx_HAL_Driver/Inc/stm32f1xx_ll_bus.h **** 
 227:Drivers/STM32F1xx_HAL_Driver/Inc/stm32f1xx_ll_bus.h **** /* Exported macro ------------------------------------------------------------*/
 228:Drivers/STM32F1xx_HAL_Driver/Inc/stm32f1xx_ll_bus.h **** 
 229:Drivers/STM32F1xx_HAL_Driver/Inc/stm32f1xx_ll_bus.h **** /* Exported functions --------------------------------------------------------*/
 230:Drivers/STM32F1xx_HAL_Driver/Inc/stm32f1xx_ll_bus.h **** /** @defgroup BUS_LL_Exported_Functions BUS Exported Functions
 231:Drivers/STM32F1xx_HAL_Driver/Inc/stm32f1xx_ll_bus.h ****   * @{
 232:Drivers/STM32F1xx_HAL_Driver/Inc/stm32f1xx_ll_bus.h ****   */
 233:Drivers/STM32F1xx_HAL_Driver/Inc/stm32f1xx_ll_bus.h **** 
 234:Drivers/STM32F1xx_HAL_Driver/Inc/stm32f1xx_ll_bus.h **** /** @defgroup BUS_LL_EF_AHB1 AHB1
 235:Drivers/STM32F1xx_HAL_Driver/Inc/stm32f1xx_ll_bus.h ****   * @{
 236:Drivers/STM32F1xx_HAL_Driver/Inc/stm32f1xx_ll_bus.h ****   */
 237:Drivers/STM32F1xx_HAL_Driver/Inc/stm32f1xx_ll_bus.h **** 
 238:Drivers/STM32F1xx_HAL_Driver/Inc/stm32f1xx_ll_bus.h **** /**
 239:Drivers/STM32F1xx_HAL_Driver/Inc/stm32f1xx_ll_bus.h ****   * @brief  Enable AHB1 peripherals clock.
 240:Drivers/STM32F1xx_HAL_Driver/Inc/stm32f1xx_ll_bus.h ****   * @rmtoll AHBENR       CRCEN         LL_AHB1_GRP1_EnableClock\n
 241:Drivers/STM32F1xx_HAL_Driver/Inc/stm32f1xx_ll_bus.h ****   *         AHBENR       DMA1EN        LL_AHB1_GRP1_EnableClock\n
 242:Drivers/STM32F1xx_HAL_Driver/Inc/stm32f1xx_ll_bus.h ****   *         AHBENR       DMA2EN        LL_AHB1_GRP1_EnableClock\n
 243:Drivers/STM32F1xx_HAL_Driver/Inc/stm32f1xx_ll_bus.h ****   *         AHBENR       ETHMACEN      LL_AHB1_GRP1_EnableClock\n
 244:Drivers/STM32F1xx_HAL_Driver/Inc/stm32f1xx_ll_bus.h ****   *         AHBENR       ETHMACRXEN    LL_AHB1_GRP1_EnableClock\n
 245:Drivers/STM32F1xx_HAL_Driver/Inc/stm32f1xx_ll_bus.h ****   *         AHBENR       ETHMACTXEN    LL_AHB1_GRP1_EnableClock\n
 246:Drivers/STM32F1xx_HAL_Driver/Inc/stm32f1xx_ll_bus.h ****   *         AHBENR       FLITFEN       LL_AHB1_GRP1_EnableClock\n
 247:Drivers/STM32F1xx_HAL_Driver/Inc/stm32f1xx_ll_bus.h ****   *         AHBENR       FSMCEN        LL_AHB1_GRP1_EnableClock\n
 248:Drivers/STM32F1xx_HAL_Driver/Inc/stm32f1xx_ll_bus.h ****   *         AHBENR       OTGFSEN       LL_AHB1_GRP1_EnableClock\n
ARM GAS  /tmp/ccmePoen.s 			page 7


 249:Drivers/STM32F1xx_HAL_Driver/Inc/stm32f1xx_ll_bus.h ****   *         AHBENR       SDIOEN        LL_AHB1_GRP1_EnableClock\n
 250:Drivers/STM32F1xx_HAL_Driver/Inc/stm32f1xx_ll_bus.h ****   *         AHBENR       SRAMEN        LL_AHB1_GRP1_EnableClock
 251:Drivers/STM32F1xx_HAL_Driver/Inc/stm32f1xx_ll_bus.h ****   * @param  Periphs This parameter can be a combination of the following values:
 252:Drivers/STM32F1xx_HAL_Driver/Inc/stm32f1xx_ll_bus.h ****   *         @arg @ref LL_AHB1_GRP1_PERIPH_CRC
 253:Drivers/STM32F1xx_HAL_Driver/Inc/stm32f1xx_ll_bus.h ****   *         @arg @ref LL_AHB1_GRP1_PERIPH_DMA1
 254:Drivers/STM32F1xx_HAL_Driver/Inc/stm32f1xx_ll_bus.h ****   *         @arg @ref LL_AHB1_GRP1_PERIPH_DMA2 (*)
 255:Drivers/STM32F1xx_HAL_Driver/Inc/stm32f1xx_ll_bus.h ****   *         @arg @ref LL_AHB1_GRP1_PERIPH_ETHMAC (*)
 256:Drivers/STM32F1xx_HAL_Driver/Inc/stm32f1xx_ll_bus.h ****   *         @arg @ref LL_AHB1_GRP1_PERIPH_ETHMACRX (*)
 257:Drivers/STM32F1xx_HAL_Driver/Inc/stm32f1xx_ll_bus.h ****   *         @arg @ref LL_AHB1_GRP1_PERIPH_ETHMACTX (*)
 258:Drivers/STM32F1xx_HAL_Driver/Inc/stm32f1xx_ll_bus.h ****   *         @arg @ref LL_AHB1_GRP1_PERIPH_FLASH
 259:Drivers/STM32F1xx_HAL_Driver/Inc/stm32f1xx_ll_bus.h ****   *         @arg @ref LL_AHB1_GRP1_PERIPH_FSMC (*)
 260:Drivers/STM32F1xx_HAL_Driver/Inc/stm32f1xx_ll_bus.h ****   *         @arg @ref LL_AHB1_GRP1_PERIPH_OTGFS (*)
 261:Drivers/STM32F1xx_HAL_Driver/Inc/stm32f1xx_ll_bus.h ****   *         @arg @ref LL_AHB1_GRP1_PERIPH_SDIO (*)
 262:Drivers/STM32F1xx_HAL_Driver/Inc/stm32f1xx_ll_bus.h ****   *         @arg @ref LL_AHB1_GRP1_PERIPH_SRAM
 263:Drivers/STM32F1xx_HAL_Driver/Inc/stm32f1xx_ll_bus.h ****   *
 264:Drivers/STM32F1xx_HAL_Driver/Inc/stm32f1xx_ll_bus.h ****   *         (*) value not defined in all devices.
 265:Drivers/STM32F1xx_HAL_Driver/Inc/stm32f1xx_ll_bus.h ****   * @retval None
 266:Drivers/STM32F1xx_HAL_Driver/Inc/stm32f1xx_ll_bus.h **** */
 267:Drivers/STM32F1xx_HAL_Driver/Inc/stm32f1xx_ll_bus.h **** __STATIC_INLINE void LL_AHB1_GRP1_EnableClock(uint32_t Periphs)
 268:Drivers/STM32F1xx_HAL_Driver/Inc/stm32f1xx_ll_bus.h **** {
 269:Drivers/STM32F1xx_HAL_Driver/Inc/stm32f1xx_ll_bus.h ****   __IO uint32_t tmpreg;
 270:Drivers/STM32F1xx_HAL_Driver/Inc/stm32f1xx_ll_bus.h ****   SET_BIT(RCC->AHBENR, Periphs);
 271:Drivers/STM32F1xx_HAL_Driver/Inc/stm32f1xx_ll_bus.h ****   /* Delay after an RCC peripheral clock enabling */
 272:Drivers/STM32F1xx_HAL_Driver/Inc/stm32f1xx_ll_bus.h ****   tmpreg = READ_BIT(RCC->AHBENR, Periphs);
 273:Drivers/STM32F1xx_HAL_Driver/Inc/stm32f1xx_ll_bus.h ****   (void)tmpreg;
 274:Drivers/STM32F1xx_HAL_Driver/Inc/stm32f1xx_ll_bus.h **** }
 275:Drivers/STM32F1xx_HAL_Driver/Inc/stm32f1xx_ll_bus.h **** 
 276:Drivers/STM32F1xx_HAL_Driver/Inc/stm32f1xx_ll_bus.h **** /**
 277:Drivers/STM32F1xx_HAL_Driver/Inc/stm32f1xx_ll_bus.h ****   * @brief  Check if AHB1 peripheral clock is enabled or not
 278:Drivers/STM32F1xx_HAL_Driver/Inc/stm32f1xx_ll_bus.h ****   * @rmtoll AHBENR       CRCEN         LL_AHB1_GRP1_IsEnabledClock\n
 279:Drivers/STM32F1xx_HAL_Driver/Inc/stm32f1xx_ll_bus.h ****   *         AHBENR       DMA1EN        LL_AHB1_GRP1_IsEnabledClock\n
 280:Drivers/STM32F1xx_HAL_Driver/Inc/stm32f1xx_ll_bus.h ****   *         AHBENR       DMA2EN        LL_AHB1_GRP1_IsEnabledClock\n
 281:Drivers/STM32F1xx_HAL_Driver/Inc/stm32f1xx_ll_bus.h ****   *         AHBENR       ETHMACEN      LL_AHB1_GRP1_IsEnabledClock\n
 282:Drivers/STM32F1xx_HAL_Driver/Inc/stm32f1xx_ll_bus.h ****   *         AHBENR       ETHMACRXEN    LL_AHB1_GRP1_IsEnabledClock\n
 283:Drivers/STM32F1xx_HAL_Driver/Inc/stm32f1xx_ll_bus.h ****   *         AHBENR       ETHMACTXEN    LL_AHB1_GRP1_IsEnabledClock\n
 284:Drivers/STM32F1xx_HAL_Driver/Inc/stm32f1xx_ll_bus.h ****   *         AHBENR       FLITFEN       LL_AHB1_GRP1_IsEnabledClock\n
 285:Drivers/STM32F1xx_HAL_Driver/Inc/stm32f1xx_ll_bus.h ****   *         AHBENR       FSMCEN        LL_AHB1_GRP1_IsEnabledClock\n
 286:Drivers/STM32F1xx_HAL_Driver/Inc/stm32f1xx_ll_bus.h ****   *         AHBENR       OTGFSEN       LL_AHB1_GRP1_IsEnabledClock\n
 287:Drivers/STM32F1xx_HAL_Driver/Inc/stm32f1xx_ll_bus.h ****   *         AHBENR       SDIOEN        LL_AHB1_GRP1_IsEnabledClock\n
 288:Drivers/STM32F1xx_HAL_Driver/Inc/stm32f1xx_ll_bus.h ****   *         AHBENR       SRAMEN        LL_AHB1_GRP1_IsEnabledClock
 289:Drivers/STM32F1xx_HAL_Driver/Inc/stm32f1xx_ll_bus.h ****   * @param  Periphs This parameter can be a combination of the following values:
 290:Drivers/STM32F1xx_HAL_Driver/Inc/stm32f1xx_ll_bus.h ****   *         @arg @ref LL_AHB1_GRP1_PERIPH_CRC
 291:Drivers/STM32F1xx_HAL_Driver/Inc/stm32f1xx_ll_bus.h ****   *         @arg @ref LL_AHB1_GRP1_PERIPH_DMA1
 292:Drivers/STM32F1xx_HAL_Driver/Inc/stm32f1xx_ll_bus.h ****   *         @arg @ref LL_AHB1_GRP1_PERIPH_DMA2 (*)
 293:Drivers/STM32F1xx_HAL_Driver/Inc/stm32f1xx_ll_bus.h ****   *         @arg @ref LL_AHB1_GRP1_PERIPH_ETHMAC (*)
 294:Drivers/STM32F1xx_HAL_Driver/Inc/stm32f1xx_ll_bus.h ****   *         @arg @ref LL_AHB1_GRP1_PERIPH_ETHMACRX (*)
 295:Drivers/STM32F1xx_HAL_Driver/Inc/stm32f1xx_ll_bus.h ****   *         @arg @ref LL_AHB1_GRP1_PERIPH_ETHMACTX (*)
 296:Drivers/STM32F1xx_HAL_Driver/Inc/stm32f1xx_ll_bus.h ****   *         @arg @ref LL_AHB1_GRP1_PERIPH_FLASH
 297:Drivers/STM32F1xx_HAL_Driver/Inc/stm32f1xx_ll_bus.h ****   *         @arg @ref LL_AHB1_GRP1_PERIPH_FSMC (*)
 298:Drivers/STM32F1xx_HAL_Driver/Inc/stm32f1xx_ll_bus.h ****   *         @arg @ref LL_AHB1_GRP1_PERIPH_OTGFS (*)
 299:Drivers/STM32F1xx_HAL_Driver/Inc/stm32f1xx_ll_bus.h ****   *         @arg @ref LL_AHB1_GRP1_PERIPH_SDIO (*)
 300:Drivers/STM32F1xx_HAL_Driver/Inc/stm32f1xx_ll_bus.h ****   *         @arg @ref LL_AHB1_GRP1_PERIPH_SRAM
 301:Drivers/STM32F1xx_HAL_Driver/Inc/stm32f1xx_ll_bus.h ****   *
 302:Drivers/STM32F1xx_HAL_Driver/Inc/stm32f1xx_ll_bus.h ****   *         (*) value not defined in all devices.
 303:Drivers/STM32F1xx_HAL_Driver/Inc/stm32f1xx_ll_bus.h ****   * @retval State of Periphs (1 or 0).
 304:Drivers/STM32F1xx_HAL_Driver/Inc/stm32f1xx_ll_bus.h **** */
 305:Drivers/STM32F1xx_HAL_Driver/Inc/stm32f1xx_ll_bus.h **** __STATIC_INLINE uint32_t LL_AHB1_GRP1_IsEnabledClock(uint32_t Periphs)
ARM GAS  /tmp/ccmePoen.s 			page 8


 306:Drivers/STM32F1xx_HAL_Driver/Inc/stm32f1xx_ll_bus.h **** {
 307:Drivers/STM32F1xx_HAL_Driver/Inc/stm32f1xx_ll_bus.h ****   return (READ_BIT(RCC->AHBENR, Periphs) == Periphs);
 308:Drivers/STM32F1xx_HAL_Driver/Inc/stm32f1xx_ll_bus.h **** }
 309:Drivers/STM32F1xx_HAL_Driver/Inc/stm32f1xx_ll_bus.h **** 
 310:Drivers/STM32F1xx_HAL_Driver/Inc/stm32f1xx_ll_bus.h **** /**
 311:Drivers/STM32F1xx_HAL_Driver/Inc/stm32f1xx_ll_bus.h ****   * @brief  Disable AHB1 peripherals clock.
 312:Drivers/STM32F1xx_HAL_Driver/Inc/stm32f1xx_ll_bus.h ****   * @rmtoll AHBENR       CRCEN         LL_AHB1_GRP1_DisableClock\n
 313:Drivers/STM32F1xx_HAL_Driver/Inc/stm32f1xx_ll_bus.h ****   *         AHBENR       DMA1EN        LL_AHB1_GRP1_DisableClock\n
 314:Drivers/STM32F1xx_HAL_Driver/Inc/stm32f1xx_ll_bus.h ****   *         AHBENR       DMA2EN        LL_AHB1_GRP1_DisableClock\n
 315:Drivers/STM32F1xx_HAL_Driver/Inc/stm32f1xx_ll_bus.h ****   *         AHBENR       ETHMACEN      LL_AHB1_GRP1_DisableClock\n
 316:Drivers/STM32F1xx_HAL_Driver/Inc/stm32f1xx_ll_bus.h ****   *         AHBENR       ETHMACRXEN    LL_AHB1_GRP1_DisableClock\n
 317:Drivers/STM32F1xx_HAL_Driver/Inc/stm32f1xx_ll_bus.h ****   *         AHBENR       ETHMACTXEN    LL_AHB1_GRP1_DisableClock\n
 318:Drivers/STM32F1xx_HAL_Driver/Inc/stm32f1xx_ll_bus.h ****   *         AHBENR       FLITFEN       LL_AHB1_GRP1_DisableClock\n
 319:Drivers/STM32F1xx_HAL_Driver/Inc/stm32f1xx_ll_bus.h ****   *         AHBENR       FSMCEN        LL_AHB1_GRP1_DisableClock\n
 320:Drivers/STM32F1xx_HAL_Driver/Inc/stm32f1xx_ll_bus.h ****   *         AHBENR       OTGFSEN       LL_AHB1_GRP1_DisableClock\n
 321:Drivers/STM32F1xx_HAL_Driver/Inc/stm32f1xx_ll_bus.h ****   *         AHBENR       SDIOEN        LL_AHB1_GRP1_DisableClock\n
 322:Drivers/STM32F1xx_HAL_Driver/Inc/stm32f1xx_ll_bus.h ****   *         AHBENR       SRAMEN        LL_AHB1_GRP1_DisableClock
 323:Drivers/STM32F1xx_HAL_Driver/Inc/stm32f1xx_ll_bus.h ****   * @param  Periphs This parameter can be a combination of the following values:
 324:Drivers/STM32F1xx_HAL_Driver/Inc/stm32f1xx_ll_bus.h ****   *         @arg @ref LL_AHB1_GRP1_PERIPH_CRC
 325:Drivers/STM32F1xx_HAL_Driver/Inc/stm32f1xx_ll_bus.h ****   *         @arg @ref LL_AHB1_GRP1_PERIPH_DMA1
 326:Drivers/STM32F1xx_HAL_Driver/Inc/stm32f1xx_ll_bus.h ****   *         @arg @ref LL_AHB1_GRP1_PERIPH_DMA2 (*)
 327:Drivers/STM32F1xx_HAL_Driver/Inc/stm32f1xx_ll_bus.h ****   *         @arg @ref LL_AHB1_GRP1_PERIPH_ETHMAC (*)
 328:Drivers/STM32F1xx_HAL_Driver/Inc/stm32f1xx_ll_bus.h ****   *         @arg @ref LL_AHB1_GRP1_PERIPH_ETHMACRX (*)
 329:Drivers/STM32F1xx_HAL_Driver/Inc/stm32f1xx_ll_bus.h ****   *         @arg @ref LL_AHB1_GRP1_PERIPH_ETHMACTX (*)
 330:Drivers/STM32F1xx_HAL_Driver/Inc/stm32f1xx_ll_bus.h ****   *         @arg @ref LL_AHB1_GRP1_PERIPH_FLASH
 331:Drivers/STM32F1xx_HAL_Driver/Inc/stm32f1xx_ll_bus.h ****   *         @arg @ref LL_AHB1_GRP1_PERIPH_FSMC (*)
 332:Drivers/STM32F1xx_HAL_Driver/Inc/stm32f1xx_ll_bus.h ****   *         @arg @ref LL_AHB1_GRP1_PERIPH_OTGFS (*)
 333:Drivers/STM32F1xx_HAL_Driver/Inc/stm32f1xx_ll_bus.h ****   *         @arg @ref LL_AHB1_GRP1_PERIPH_SDIO (*)
 334:Drivers/STM32F1xx_HAL_Driver/Inc/stm32f1xx_ll_bus.h ****   *         @arg @ref LL_AHB1_GRP1_PERIPH_SRAM
 335:Drivers/STM32F1xx_HAL_Driver/Inc/stm32f1xx_ll_bus.h ****   *
 336:Drivers/STM32F1xx_HAL_Driver/Inc/stm32f1xx_ll_bus.h ****   *         (*) value not defined in all devices.
 337:Drivers/STM32F1xx_HAL_Driver/Inc/stm32f1xx_ll_bus.h ****   * @retval None
 338:Drivers/STM32F1xx_HAL_Driver/Inc/stm32f1xx_ll_bus.h **** */
 339:Drivers/STM32F1xx_HAL_Driver/Inc/stm32f1xx_ll_bus.h **** __STATIC_INLINE void LL_AHB1_GRP1_DisableClock(uint32_t Periphs)
 340:Drivers/STM32F1xx_HAL_Driver/Inc/stm32f1xx_ll_bus.h **** {
 341:Drivers/STM32F1xx_HAL_Driver/Inc/stm32f1xx_ll_bus.h ****   CLEAR_BIT(RCC->AHBENR, Periphs);
 342:Drivers/STM32F1xx_HAL_Driver/Inc/stm32f1xx_ll_bus.h **** }
 343:Drivers/STM32F1xx_HAL_Driver/Inc/stm32f1xx_ll_bus.h **** 
 344:Drivers/STM32F1xx_HAL_Driver/Inc/stm32f1xx_ll_bus.h **** #if defined(RCC_AHBRSTR_SUPPORT)
 345:Drivers/STM32F1xx_HAL_Driver/Inc/stm32f1xx_ll_bus.h **** /**
 346:Drivers/STM32F1xx_HAL_Driver/Inc/stm32f1xx_ll_bus.h ****   * @brief  Force AHB1 peripherals reset.
 347:Drivers/STM32F1xx_HAL_Driver/Inc/stm32f1xx_ll_bus.h ****   * @rmtoll AHBRSTR      ETHMACRST     LL_AHB1_GRP1_ForceReset\n
 348:Drivers/STM32F1xx_HAL_Driver/Inc/stm32f1xx_ll_bus.h ****   *         AHBRSTR      OTGFSRST      LL_AHB1_GRP1_ForceReset
 349:Drivers/STM32F1xx_HAL_Driver/Inc/stm32f1xx_ll_bus.h ****   * @param  Periphs This parameter can be a combination of the following values:
 350:Drivers/STM32F1xx_HAL_Driver/Inc/stm32f1xx_ll_bus.h ****   *         @arg @ref LL_AHB1_GRP1_PERIPH_ALL
 351:Drivers/STM32F1xx_HAL_Driver/Inc/stm32f1xx_ll_bus.h ****   *         @arg @ref LL_AHB1_GRP1_PERIPH_ETHMAC (*)
 352:Drivers/STM32F1xx_HAL_Driver/Inc/stm32f1xx_ll_bus.h ****   *         @arg @ref LL_AHB1_GRP1_PERIPH_OTGFS (*)
 353:Drivers/STM32F1xx_HAL_Driver/Inc/stm32f1xx_ll_bus.h ****   *
 354:Drivers/STM32F1xx_HAL_Driver/Inc/stm32f1xx_ll_bus.h ****   *         (*) value not defined in all devices.
 355:Drivers/STM32F1xx_HAL_Driver/Inc/stm32f1xx_ll_bus.h ****   * @retval None
 356:Drivers/STM32F1xx_HAL_Driver/Inc/stm32f1xx_ll_bus.h **** */
 357:Drivers/STM32F1xx_HAL_Driver/Inc/stm32f1xx_ll_bus.h **** __STATIC_INLINE void LL_AHB1_GRP1_ForceReset(uint32_t Periphs)
 358:Drivers/STM32F1xx_HAL_Driver/Inc/stm32f1xx_ll_bus.h **** {
 359:Drivers/STM32F1xx_HAL_Driver/Inc/stm32f1xx_ll_bus.h ****   SET_BIT(RCC->AHBRSTR, Periphs);
 360:Drivers/STM32F1xx_HAL_Driver/Inc/stm32f1xx_ll_bus.h **** }
 361:Drivers/STM32F1xx_HAL_Driver/Inc/stm32f1xx_ll_bus.h **** 
 362:Drivers/STM32F1xx_HAL_Driver/Inc/stm32f1xx_ll_bus.h **** /**
ARM GAS  /tmp/ccmePoen.s 			page 9


 363:Drivers/STM32F1xx_HAL_Driver/Inc/stm32f1xx_ll_bus.h ****   * @brief  Release AHB1 peripherals reset.
 364:Drivers/STM32F1xx_HAL_Driver/Inc/stm32f1xx_ll_bus.h ****   * @rmtoll AHBRSTR      ETHMACRST     LL_AHB1_GRP1_ReleaseReset\n
 365:Drivers/STM32F1xx_HAL_Driver/Inc/stm32f1xx_ll_bus.h ****   *         AHBRSTR      OTGFSRST      LL_AHB1_GRP1_ReleaseReset
 366:Drivers/STM32F1xx_HAL_Driver/Inc/stm32f1xx_ll_bus.h ****   * @param  Periphs This parameter can be a combination of the following values:
 367:Drivers/STM32F1xx_HAL_Driver/Inc/stm32f1xx_ll_bus.h ****   *         @arg @ref LL_AHB1_GRP1_PERIPH_ALL
 368:Drivers/STM32F1xx_HAL_Driver/Inc/stm32f1xx_ll_bus.h ****   *         @arg @ref LL_AHB1_GRP1_PERIPH_ETHMAC (*)
 369:Drivers/STM32F1xx_HAL_Driver/Inc/stm32f1xx_ll_bus.h ****   *         @arg @ref LL_AHB1_GRP1_PERIPH_OTGFS (*)
 370:Drivers/STM32F1xx_HAL_Driver/Inc/stm32f1xx_ll_bus.h ****   *
 371:Drivers/STM32F1xx_HAL_Driver/Inc/stm32f1xx_ll_bus.h ****   *         (*) value not defined in all devices.
 372:Drivers/STM32F1xx_HAL_Driver/Inc/stm32f1xx_ll_bus.h ****   * @retval None
 373:Drivers/STM32F1xx_HAL_Driver/Inc/stm32f1xx_ll_bus.h **** */
 374:Drivers/STM32F1xx_HAL_Driver/Inc/stm32f1xx_ll_bus.h **** __STATIC_INLINE void LL_AHB1_GRP1_ReleaseReset(uint32_t Periphs)
 375:Drivers/STM32F1xx_HAL_Driver/Inc/stm32f1xx_ll_bus.h **** {
 376:Drivers/STM32F1xx_HAL_Driver/Inc/stm32f1xx_ll_bus.h ****   CLEAR_BIT(RCC->AHBRSTR, Periphs);
 377:Drivers/STM32F1xx_HAL_Driver/Inc/stm32f1xx_ll_bus.h **** }
 378:Drivers/STM32F1xx_HAL_Driver/Inc/stm32f1xx_ll_bus.h **** #endif /* RCC_AHBRSTR_SUPPORT */
 379:Drivers/STM32F1xx_HAL_Driver/Inc/stm32f1xx_ll_bus.h **** 
 380:Drivers/STM32F1xx_HAL_Driver/Inc/stm32f1xx_ll_bus.h **** /**
 381:Drivers/STM32F1xx_HAL_Driver/Inc/stm32f1xx_ll_bus.h ****   * @}
 382:Drivers/STM32F1xx_HAL_Driver/Inc/stm32f1xx_ll_bus.h ****   */
 383:Drivers/STM32F1xx_HAL_Driver/Inc/stm32f1xx_ll_bus.h **** 
 384:Drivers/STM32F1xx_HAL_Driver/Inc/stm32f1xx_ll_bus.h **** /** @defgroup BUS_LL_EF_APB1 APB1
 385:Drivers/STM32F1xx_HAL_Driver/Inc/stm32f1xx_ll_bus.h ****   * @{
 386:Drivers/STM32F1xx_HAL_Driver/Inc/stm32f1xx_ll_bus.h ****   */
 387:Drivers/STM32F1xx_HAL_Driver/Inc/stm32f1xx_ll_bus.h **** 
 388:Drivers/STM32F1xx_HAL_Driver/Inc/stm32f1xx_ll_bus.h **** /**
 389:Drivers/STM32F1xx_HAL_Driver/Inc/stm32f1xx_ll_bus.h ****   * @brief  Enable APB1 peripherals clock.
 390:Drivers/STM32F1xx_HAL_Driver/Inc/stm32f1xx_ll_bus.h ****   * @rmtoll APB1ENR      BKPEN         LL_APB1_GRP1_EnableClock\n
 391:Drivers/STM32F1xx_HAL_Driver/Inc/stm32f1xx_ll_bus.h ****   *         APB1ENR      CAN1EN        LL_APB1_GRP1_EnableClock\n
 392:Drivers/STM32F1xx_HAL_Driver/Inc/stm32f1xx_ll_bus.h ****   *         APB1ENR      CAN2EN        LL_APB1_GRP1_EnableClock\n
 393:Drivers/STM32F1xx_HAL_Driver/Inc/stm32f1xx_ll_bus.h ****   *         APB1ENR      CECEN         LL_APB1_GRP1_EnableClock\n
 394:Drivers/STM32F1xx_HAL_Driver/Inc/stm32f1xx_ll_bus.h ****   *         APB1ENR      DACEN         LL_APB1_GRP1_EnableClock\n
 395:Drivers/STM32F1xx_HAL_Driver/Inc/stm32f1xx_ll_bus.h ****   *         APB1ENR      I2C1EN        LL_APB1_GRP1_EnableClock\n
 396:Drivers/STM32F1xx_HAL_Driver/Inc/stm32f1xx_ll_bus.h ****   *         APB1ENR      I2C2EN        LL_APB1_GRP1_EnableClock\n
 397:Drivers/STM32F1xx_HAL_Driver/Inc/stm32f1xx_ll_bus.h ****   *         APB1ENR      PWREN         LL_APB1_GRP1_EnableClock\n
 398:Drivers/STM32F1xx_HAL_Driver/Inc/stm32f1xx_ll_bus.h ****   *         APB1ENR      SPI2EN        LL_APB1_GRP1_EnableClock\n
 399:Drivers/STM32F1xx_HAL_Driver/Inc/stm32f1xx_ll_bus.h ****   *         APB1ENR      SPI3EN        LL_APB1_GRP1_EnableClock\n
 400:Drivers/STM32F1xx_HAL_Driver/Inc/stm32f1xx_ll_bus.h ****   *         APB1ENR      TIM12EN       LL_APB1_GRP1_EnableClock\n
 401:Drivers/STM32F1xx_HAL_Driver/Inc/stm32f1xx_ll_bus.h ****   *         APB1ENR      TIM13EN       LL_APB1_GRP1_EnableClock\n
 402:Drivers/STM32F1xx_HAL_Driver/Inc/stm32f1xx_ll_bus.h ****   *         APB1ENR      TIM14EN       LL_APB1_GRP1_EnableClock\n
 403:Drivers/STM32F1xx_HAL_Driver/Inc/stm32f1xx_ll_bus.h ****   *         APB1ENR      TIM2EN        LL_APB1_GRP1_EnableClock\n
 404:Drivers/STM32F1xx_HAL_Driver/Inc/stm32f1xx_ll_bus.h ****   *         APB1ENR      TIM3EN        LL_APB1_GRP1_EnableClock\n
 405:Drivers/STM32F1xx_HAL_Driver/Inc/stm32f1xx_ll_bus.h ****   *         APB1ENR      TIM4EN        LL_APB1_GRP1_EnableClock\n
 406:Drivers/STM32F1xx_HAL_Driver/Inc/stm32f1xx_ll_bus.h ****   *         APB1ENR      TIM5EN        LL_APB1_GRP1_EnableClock\n
 407:Drivers/STM32F1xx_HAL_Driver/Inc/stm32f1xx_ll_bus.h ****   *         APB1ENR      TIM6EN        LL_APB1_GRP1_EnableClock\n
 408:Drivers/STM32F1xx_HAL_Driver/Inc/stm32f1xx_ll_bus.h ****   *         APB1ENR      TIM7EN        LL_APB1_GRP1_EnableClock\n
 409:Drivers/STM32F1xx_HAL_Driver/Inc/stm32f1xx_ll_bus.h ****   *         APB1ENR      UART4EN       LL_APB1_GRP1_EnableClock\n
 410:Drivers/STM32F1xx_HAL_Driver/Inc/stm32f1xx_ll_bus.h ****   *         APB1ENR      UART5EN       LL_APB1_GRP1_EnableClock\n
 411:Drivers/STM32F1xx_HAL_Driver/Inc/stm32f1xx_ll_bus.h ****   *         APB1ENR      USART2EN      LL_APB1_GRP1_EnableClock\n
 412:Drivers/STM32F1xx_HAL_Driver/Inc/stm32f1xx_ll_bus.h ****   *         APB1ENR      USART3EN      LL_APB1_GRP1_EnableClock\n
 413:Drivers/STM32F1xx_HAL_Driver/Inc/stm32f1xx_ll_bus.h ****   *         APB1ENR      USBEN         LL_APB1_GRP1_EnableClock\n
 414:Drivers/STM32F1xx_HAL_Driver/Inc/stm32f1xx_ll_bus.h ****   *         APB1ENR      WWDGEN        LL_APB1_GRP1_EnableClock
 415:Drivers/STM32F1xx_HAL_Driver/Inc/stm32f1xx_ll_bus.h ****   * @param  Periphs This parameter can be a combination of the following values:
 416:Drivers/STM32F1xx_HAL_Driver/Inc/stm32f1xx_ll_bus.h ****   *         @arg @ref LL_APB1_GRP1_PERIPH_BKP
 417:Drivers/STM32F1xx_HAL_Driver/Inc/stm32f1xx_ll_bus.h ****   *         @arg @ref LL_APB1_GRP1_PERIPH_CAN1 (*)
 418:Drivers/STM32F1xx_HAL_Driver/Inc/stm32f1xx_ll_bus.h ****   *         @arg @ref LL_APB1_GRP1_PERIPH_CAN2 (*)
 419:Drivers/STM32F1xx_HAL_Driver/Inc/stm32f1xx_ll_bus.h ****   *         @arg @ref LL_APB1_GRP1_PERIPH_CEC (*)
ARM GAS  /tmp/ccmePoen.s 			page 10


 420:Drivers/STM32F1xx_HAL_Driver/Inc/stm32f1xx_ll_bus.h ****   *         @arg @ref LL_APB1_GRP1_PERIPH_DAC1 (*)
 421:Drivers/STM32F1xx_HAL_Driver/Inc/stm32f1xx_ll_bus.h ****   *         @arg @ref LL_APB1_GRP1_PERIPH_I2C1
 422:Drivers/STM32F1xx_HAL_Driver/Inc/stm32f1xx_ll_bus.h ****   *         @arg @ref LL_APB1_GRP1_PERIPH_I2C2 (*)
 423:Drivers/STM32F1xx_HAL_Driver/Inc/stm32f1xx_ll_bus.h ****   *         @arg @ref LL_APB1_GRP1_PERIPH_PWR
 424:Drivers/STM32F1xx_HAL_Driver/Inc/stm32f1xx_ll_bus.h ****   *         @arg @ref LL_APB1_GRP1_PERIPH_SPI2 (*)
 425:Drivers/STM32F1xx_HAL_Driver/Inc/stm32f1xx_ll_bus.h ****   *         @arg @ref LL_APB1_GRP1_PERIPH_SPI3 (*)
 426:Drivers/STM32F1xx_HAL_Driver/Inc/stm32f1xx_ll_bus.h ****   *         @arg @ref LL_APB1_GRP1_PERIPH_TIM12 (*)
 427:Drivers/STM32F1xx_HAL_Driver/Inc/stm32f1xx_ll_bus.h ****   *         @arg @ref LL_APB1_GRP1_PERIPH_TIM13 (*)
 428:Drivers/STM32F1xx_HAL_Driver/Inc/stm32f1xx_ll_bus.h ****   *         @arg @ref LL_APB1_GRP1_PERIPH_TIM14 (*)
 429:Drivers/STM32F1xx_HAL_Driver/Inc/stm32f1xx_ll_bus.h ****   *         @arg @ref LL_APB1_GRP1_PERIPH_TIM2
 430:Drivers/STM32F1xx_HAL_Driver/Inc/stm32f1xx_ll_bus.h ****   *         @arg @ref LL_APB1_GRP1_PERIPH_TIM3
 431:Drivers/STM32F1xx_HAL_Driver/Inc/stm32f1xx_ll_bus.h ****   *         @arg @ref LL_APB1_GRP1_PERIPH_TIM4 (*)
 432:Drivers/STM32F1xx_HAL_Driver/Inc/stm32f1xx_ll_bus.h ****   *         @arg @ref LL_APB1_GRP1_PERIPH_TIM5 (*)
 433:Drivers/STM32F1xx_HAL_Driver/Inc/stm32f1xx_ll_bus.h ****   *         @arg @ref LL_APB1_GRP1_PERIPH_TIM6 (*)
 434:Drivers/STM32F1xx_HAL_Driver/Inc/stm32f1xx_ll_bus.h ****   *         @arg @ref LL_APB1_GRP1_PERIPH_TIM7 (*)
 435:Drivers/STM32F1xx_HAL_Driver/Inc/stm32f1xx_ll_bus.h ****   *         @arg @ref LL_APB1_GRP1_PERIPH_UART4 (*)
 436:Drivers/STM32F1xx_HAL_Driver/Inc/stm32f1xx_ll_bus.h ****   *         @arg @ref LL_APB1_GRP1_PERIPH_UART5 (*)
 437:Drivers/STM32F1xx_HAL_Driver/Inc/stm32f1xx_ll_bus.h ****   *         @arg @ref LL_APB1_GRP1_PERIPH_USART2
 438:Drivers/STM32F1xx_HAL_Driver/Inc/stm32f1xx_ll_bus.h ****   *         @arg @ref LL_APB1_GRP1_PERIPH_USART3 (*)
 439:Drivers/STM32F1xx_HAL_Driver/Inc/stm32f1xx_ll_bus.h ****   *         @arg @ref LL_APB1_GRP1_PERIPH_USB (*)
 440:Drivers/STM32F1xx_HAL_Driver/Inc/stm32f1xx_ll_bus.h ****   *         @arg @ref LL_APB1_GRP1_PERIPH_WWDG
 441:Drivers/STM32F1xx_HAL_Driver/Inc/stm32f1xx_ll_bus.h ****   *
 442:Drivers/STM32F1xx_HAL_Driver/Inc/stm32f1xx_ll_bus.h ****   *         (*) value not defined in all devices.
 443:Drivers/STM32F1xx_HAL_Driver/Inc/stm32f1xx_ll_bus.h ****   * @retval None
 444:Drivers/STM32F1xx_HAL_Driver/Inc/stm32f1xx_ll_bus.h **** */
 445:Drivers/STM32F1xx_HAL_Driver/Inc/stm32f1xx_ll_bus.h **** __STATIC_INLINE void LL_APB1_GRP1_EnableClock(uint32_t Periphs)
 446:Drivers/STM32F1xx_HAL_Driver/Inc/stm32f1xx_ll_bus.h **** {
 447:Drivers/STM32F1xx_HAL_Driver/Inc/stm32f1xx_ll_bus.h ****   __IO uint32_t tmpreg;
 448:Drivers/STM32F1xx_HAL_Driver/Inc/stm32f1xx_ll_bus.h ****   SET_BIT(RCC->APB1ENR, Periphs);
 449:Drivers/STM32F1xx_HAL_Driver/Inc/stm32f1xx_ll_bus.h ****   /* Delay after an RCC peripheral clock enabling */
 450:Drivers/STM32F1xx_HAL_Driver/Inc/stm32f1xx_ll_bus.h ****   tmpreg = READ_BIT(RCC->APB1ENR, Periphs);
 451:Drivers/STM32F1xx_HAL_Driver/Inc/stm32f1xx_ll_bus.h ****   (void)tmpreg;
 452:Drivers/STM32F1xx_HAL_Driver/Inc/stm32f1xx_ll_bus.h **** }
 453:Drivers/STM32F1xx_HAL_Driver/Inc/stm32f1xx_ll_bus.h **** 
 454:Drivers/STM32F1xx_HAL_Driver/Inc/stm32f1xx_ll_bus.h **** /**
 455:Drivers/STM32F1xx_HAL_Driver/Inc/stm32f1xx_ll_bus.h ****   * @brief  Check if APB1 peripheral clock is enabled or not
 456:Drivers/STM32F1xx_HAL_Driver/Inc/stm32f1xx_ll_bus.h ****   * @rmtoll APB1ENR      BKPEN         LL_APB1_GRP1_IsEnabledClock\n
 457:Drivers/STM32F1xx_HAL_Driver/Inc/stm32f1xx_ll_bus.h ****   *         APB1ENR      CAN1EN        LL_APB1_GRP1_IsEnabledClock\n
 458:Drivers/STM32F1xx_HAL_Driver/Inc/stm32f1xx_ll_bus.h ****   *         APB1ENR      CAN2EN        LL_APB1_GRP1_IsEnabledClock\n
 459:Drivers/STM32F1xx_HAL_Driver/Inc/stm32f1xx_ll_bus.h ****   *         APB1ENR      CECEN         LL_APB1_GRP1_IsEnabledClock\n
 460:Drivers/STM32F1xx_HAL_Driver/Inc/stm32f1xx_ll_bus.h ****   *         APB1ENR      DACEN         LL_APB1_GRP1_IsEnabledClock\n
 461:Drivers/STM32F1xx_HAL_Driver/Inc/stm32f1xx_ll_bus.h ****   *         APB1ENR      I2C1EN        LL_APB1_GRP1_IsEnabledClock\n
 462:Drivers/STM32F1xx_HAL_Driver/Inc/stm32f1xx_ll_bus.h ****   *         APB1ENR      I2C2EN        LL_APB1_GRP1_IsEnabledClock\n
 463:Drivers/STM32F1xx_HAL_Driver/Inc/stm32f1xx_ll_bus.h ****   *         APB1ENR      PWREN         LL_APB1_GRP1_IsEnabledClock\n
 464:Drivers/STM32F1xx_HAL_Driver/Inc/stm32f1xx_ll_bus.h ****   *         APB1ENR      SPI2EN        LL_APB1_GRP1_IsEnabledClock\n
 465:Drivers/STM32F1xx_HAL_Driver/Inc/stm32f1xx_ll_bus.h ****   *         APB1ENR      SPI3EN        LL_APB1_GRP1_IsEnabledClock\n
 466:Drivers/STM32F1xx_HAL_Driver/Inc/stm32f1xx_ll_bus.h ****   *         APB1ENR      TIM12EN       LL_APB1_GRP1_IsEnabledClock\n
 467:Drivers/STM32F1xx_HAL_Driver/Inc/stm32f1xx_ll_bus.h ****   *         APB1ENR      TIM13EN       LL_APB1_GRP1_IsEnabledClock\n
 468:Drivers/STM32F1xx_HAL_Driver/Inc/stm32f1xx_ll_bus.h ****   *         APB1ENR      TIM14EN       LL_APB1_GRP1_IsEnabledClock\n
 469:Drivers/STM32F1xx_HAL_Driver/Inc/stm32f1xx_ll_bus.h ****   *         APB1ENR      TIM2EN        LL_APB1_GRP1_IsEnabledClock\n
 470:Drivers/STM32F1xx_HAL_Driver/Inc/stm32f1xx_ll_bus.h ****   *         APB1ENR      TIM3EN        LL_APB1_GRP1_IsEnabledClock\n
 471:Drivers/STM32F1xx_HAL_Driver/Inc/stm32f1xx_ll_bus.h ****   *         APB1ENR      TIM4EN        LL_APB1_GRP1_IsEnabledClock\n
 472:Drivers/STM32F1xx_HAL_Driver/Inc/stm32f1xx_ll_bus.h ****   *         APB1ENR      TIM5EN        LL_APB1_GRP1_IsEnabledClock\n
 473:Drivers/STM32F1xx_HAL_Driver/Inc/stm32f1xx_ll_bus.h ****   *         APB1ENR      TIM6EN        LL_APB1_GRP1_IsEnabledClock\n
 474:Drivers/STM32F1xx_HAL_Driver/Inc/stm32f1xx_ll_bus.h ****   *         APB1ENR      TIM7EN        LL_APB1_GRP1_IsEnabledClock\n
 475:Drivers/STM32F1xx_HAL_Driver/Inc/stm32f1xx_ll_bus.h ****   *         APB1ENR      UART4EN       LL_APB1_GRP1_IsEnabledClock\n
 476:Drivers/STM32F1xx_HAL_Driver/Inc/stm32f1xx_ll_bus.h ****   *         APB1ENR      UART5EN       LL_APB1_GRP1_IsEnabledClock\n
ARM GAS  /tmp/ccmePoen.s 			page 11


 477:Drivers/STM32F1xx_HAL_Driver/Inc/stm32f1xx_ll_bus.h ****   *         APB1ENR      USART2EN      LL_APB1_GRP1_IsEnabledClock\n
 478:Drivers/STM32F1xx_HAL_Driver/Inc/stm32f1xx_ll_bus.h ****   *         APB1ENR      USART3EN      LL_APB1_GRP1_IsEnabledClock\n
 479:Drivers/STM32F1xx_HAL_Driver/Inc/stm32f1xx_ll_bus.h ****   *         APB1ENR      USBEN         LL_APB1_GRP1_IsEnabledClock\n
 480:Drivers/STM32F1xx_HAL_Driver/Inc/stm32f1xx_ll_bus.h ****   *         APB1ENR      WWDGEN        LL_APB1_GRP1_IsEnabledClock
 481:Drivers/STM32F1xx_HAL_Driver/Inc/stm32f1xx_ll_bus.h ****   * @param  Periphs This parameter can be a combination of the following values:
 482:Drivers/STM32F1xx_HAL_Driver/Inc/stm32f1xx_ll_bus.h ****   *         @arg @ref LL_APB1_GRP1_PERIPH_BKP
 483:Drivers/STM32F1xx_HAL_Driver/Inc/stm32f1xx_ll_bus.h ****   *         @arg @ref LL_APB1_GRP1_PERIPH_CAN1 (*)
 484:Drivers/STM32F1xx_HAL_Driver/Inc/stm32f1xx_ll_bus.h ****   *         @arg @ref LL_APB1_GRP1_PERIPH_CAN2 (*)
 485:Drivers/STM32F1xx_HAL_Driver/Inc/stm32f1xx_ll_bus.h ****   *         @arg @ref LL_APB1_GRP1_PERIPH_CEC (*)
 486:Drivers/STM32F1xx_HAL_Driver/Inc/stm32f1xx_ll_bus.h ****   *         @arg @ref LL_APB1_GRP1_PERIPH_DAC1 (*)
 487:Drivers/STM32F1xx_HAL_Driver/Inc/stm32f1xx_ll_bus.h ****   *         @arg @ref LL_APB1_GRP1_PERIPH_I2C1
 488:Drivers/STM32F1xx_HAL_Driver/Inc/stm32f1xx_ll_bus.h ****   *         @arg @ref LL_APB1_GRP1_PERIPH_I2C2 (*)
 489:Drivers/STM32F1xx_HAL_Driver/Inc/stm32f1xx_ll_bus.h ****   *         @arg @ref LL_APB1_GRP1_PERIPH_PWR
 490:Drivers/STM32F1xx_HAL_Driver/Inc/stm32f1xx_ll_bus.h ****   *         @arg @ref LL_APB1_GRP1_PERIPH_SPI2 (*)
 491:Drivers/STM32F1xx_HAL_Driver/Inc/stm32f1xx_ll_bus.h ****   *         @arg @ref LL_APB1_GRP1_PERIPH_SPI3 (*)
 492:Drivers/STM32F1xx_HAL_Driver/Inc/stm32f1xx_ll_bus.h ****   *         @arg @ref LL_APB1_GRP1_PERIPH_TIM12 (*)
 493:Drivers/STM32F1xx_HAL_Driver/Inc/stm32f1xx_ll_bus.h ****   *         @arg @ref LL_APB1_GRP1_PERIPH_TIM13 (*)
 494:Drivers/STM32F1xx_HAL_Driver/Inc/stm32f1xx_ll_bus.h ****   *         @arg @ref LL_APB1_GRP1_PERIPH_TIM14 (*)
 495:Drivers/STM32F1xx_HAL_Driver/Inc/stm32f1xx_ll_bus.h ****   *         @arg @ref LL_APB1_GRP1_PERIPH_TIM2
 496:Drivers/STM32F1xx_HAL_Driver/Inc/stm32f1xx_ll_bus.h ****   *         @arg @ref LL_APB1_GRP1_PERIPH_TIM3
 497:Drivers/STM32F1xx_HAL_Driver/Inc/stm32f1xx_ll_bus.h ****   *         @arg @ref LL_APB1_GRP1_PERIPH_TIM4 (*)
 498:Drivers/STM32F1xx_HAL_Driver/Inc/stm32f1xx_ll_bus.h ****   *         @arg @ref LL_APB1_GRP1_PERIPH_TIM5 (*)
 499:Drivers/STM32F1xx_HAL_Driver/Inc/stm32f1xx_ll_bus.h ****   *         @arg @ref LL_APB1_GRP1_PERIPH_TIM6 (*)
 500:Drivers/STM32F1xx_HAL_Driver/Inc/stm32f1xx_ll_bus.h ****   *         @arg @ref LL_APB1_GRP1_PERIPH_TIM7 (*)
 501:Drivers/STM32F1xx_HAL_Driver/Inc/stm32f1xx_ll_bus.h ****   *         @arg @ref LL_APB1_GRP1_PERIPH_UART4 (*)
 502:Drivers/STM32F1xx_HAL_Driver/Inc/stm32f1xx_ll_bus.h ****   *         @arg @ref LL_APB1_GRP1_PERIPH_UART5 (*)
 503:Drivers/STM32F1xx_HAL_Driver/Inc/stm32f1xx_ll_bus.h ****   *         @arg @ref LL_APB1_GRP1_PERIPH_USART2
 504:Drivers/STM32F1xx_HAL_Driver/Inc/stm32f1xx_ll_bus.h ****   *         @arg @ref LL_APB1_GRP1_PERIPH_USART3 (*)
 505:Drivers/STM32F1xx_HAL_Driver/Inc/stm32f1xx_ll_bus.h ****   *         @arg @ref LL_APB1_GRP1_PERIPH_USB (*)
 506:Drivers/STM32F1xx_HAL_Driver/Inc/stm32f1xx_ll_bus.h ****   *         @arg @ref LL_APB1_GRP1_PERIPH_WWDG
 507:Drivers/STM32F1xx_HAL_Driver/Inc/stm32f1xx_ll_bus.h ****   *
 508:Drivers/STM32F1xx_HAL_Driver/Inc/stm32f1xx_ll_bus.h ****   *         (*) value not defined in all devices.
 509:Drivers/STM32F1xx_HAL_Driver/Inc/stm32f1xx_ll_bus.h ****   * @retval State of Periphs (1 or 0).
 510:Drivers/STM32F1xx_HAL_Driver/Inc/stm32f1xx_ll_bus.h **** */
 511:Drivers/STM32F1xx_HAL_Driver/Inc/stm32f1xx_ll_bus.h **** __STATIC_INLINE uint32_t LL_APB1_GRP1_IsEnabledClock(uint32_t Periphs)
 512:Drivers/STM32F1xx_HAL_Driver/Inc/stm32f1xx_ll_bus.h **** {
 513:Drivers/STM32F1xx_HAL_Driver/Inc/stm32f1xx_ll_bus.h ****   return (READ_BIT(RCC->APB1ENR, Periphs) == Periphs);
 514:Drivers/STM32F1xx_HAL_Driver/Inc/stm32f1xx_ll_bus.h **** }
 515:Drivers/STM32F1xx_HAL_Driver/Inc/stm32f1xx_ll_bus.h **** 
 516:Drivers/STM32F1xx_HAL_Driver/Inc/stm32f1xx_ll_bus.h **** /**
 517:Drivers/STM32F1xx_HAL_Driver/Inc/stm32f1xx_ll_bus.h ****   * @brief  Disable APB1 peripherals clock.
 518:Drivers/STM32F1xx_HAL_Driver/Inc/stm32f1xx_ll_bus.h ****   * @rmtoll APB1ENR      BKPEN         LL_APB1_GRP1_DisableClock\n
 519:Drivers/STM32F1xx_HAL_Driver/Inc/stm32f1xx_ll_bus.h ****   *         APB1ENR      CAN1EN        LL_APB1_GRP1_DisableClock\n
 520:Drivers/STM32F1xx_HAL_Driver/Inc/stm32f1xx_ll_bus.h ****   *         APB1ENR      CAN2EN        LL_APB1_GRP1_DisableClock\n
 521:Drivers/STM32F1xx_HAL_Driver/Inc/stm32f1xx_ll_bus.h ****   *         APB1ENR      CECEN         LL_APB1_GRP1_DisableClock\n
 522:Drivers/STM32F1xx_HAL_Driver/Inc/stm32f1xx_ll_bus.h ****   *         APB1ENR      DACEN         LL_APB1_GRP1_DisableClock\n
 523:Drivers/STM32F1xx_HAL_Driver/Inc/stm32f1xx_ll_bus.h ****   *         APB1ENR      I2C1EN        LL_APB1_GRP1_DisableClock\n
 524:Drivers/STM32F1xx_HAL_Driver/Inc/stm32f1xx_ll_bus.h ****   *         APB1ENR      I2C2EN        LL_APB1_GRP1_DisableClock\n
 525:Drivers/STM32F1xx_HAL_Driver/Inc/stm32f1xx_ll_bus.h ****   *         APB1ENR      PWREN         LL_APB1_GRP1_DisableClock\n
 526:Drivers/STM32F1xx_HAL_Driver/Inc/stm32f1xx_ll_bus.h ****   *         APB1ENR      SPI2EN        LL_APB1_GRP1_DisableClock\n
 527:Drivers/STM32F1xx_HAL_Driver/Inc/stm32f1xx_ll_bus.h ****   *         APB1ENR      SPI3EN        LL_APB1_GRP1_DisableClock\n
 528:Drivers/STM32F1xx_HAL_Driver/Inc/stm32f1xx_ll_bus.h ****   *         APB1ENR      TIM12EN       LL_APB1_GRP1_DisableClock\n
 529:Drivers/STM32F1xx_HAL_Driver/Inc/stm32f1xx_ll_bus.h ****   *         APB1ENR      TIM13EN       LL_APB1_GRP1_DisableClock\n
 530:Drivers/STM32F1xx_HAL_Driver/Inc/stm32f1xx_ll_bus.h ****   *         APB1ENR      TIM14EN       LL_APB1_GRP1_DisableClock\n
 531:Drivers/STM32F1xx_HAL_Driver/Inc/stm32f1xx_ll_bus.h ****   *         APB1ENR      TIM2EN        LL_APB1_GRP1_DisableClock\n
 532:Drivers/STM32F1xx_HAL_Driver/Inc/stm32f1xx_ll_bus.h ****   *         APB1ENR      TIM3EN        LL_APB1_GRP1_DisableClock\n
 533:Drivers/STM32F1xx_HAL_Driver/Inc/stm32f1xx_ll_bus.h ****   *         APB1ENR      TIM4EN        LL_APB1_GRP1_DisableClock\n
ARM GAS  /tmp/ccmePoen.s 			page 12


 534:Drivers/STM32F1xx_HAL_Driver/Inc/stm32f1xx_ll_bus.h ****   *         APB1ENR      TIM5EN        LL_APB1_GRP1_DisableClock\n
 535:Drivers/STM32F1xx_HAL_Driver/Inc/stm32f1xx_ll_bus.h ****   *         APB1ENR      TIM6EN        LL_APB1_GRP1_DisableClock\n
 536:Drivers/STM32F1xx_HAL_Driver/Inc/stm32f1xx_ll_bus.h ****   *         APB1ENR      TIM7EN        LL_APB1_GRP1_DisableClock\n
 537:Drivers/STM32F1xx_HAL_Driver/Inc/stm32f1xx_ll_bus.h ****   *         APB1ENR      UART4EN       LL_APB1_GRP1_DisableClock\n
 538:Drivers/STM32F1xx_HAL_Driver/Inc/stm32f1xx_ll_bus.h ****   *         APB1ENR      UART5EN       LL_APB1_GRP1_DisableClock\n
 539:Drivers/STM32F1xx_HAL_Driver/Inc/stm32f1xx_ll_bus.h ****   *         APB1ENR      USART2EN      LL_APB1_GRP1_DisableClock\n
 540:Drivers/STM32F1xx_HAL_Driver/Inc/stm32f1xx_ll_bus.h ****   *         APB1ENR      USART3EN      LL_APB1_GRP1_DisableClock\n
 541:Drivers/STM32F1xx_HAL_Driver/Inc/stm32f1xx_ll_bus.h ****   *         APB1ENR      USBEN         LL_APB1_GRP1_DisableClock\n
 542:Drivers/STM32F1xx_HAL_Driver/Inc/stm32f1xx_ll_bus.h ****   *         APB1ENR      WWDGEN        LL_APB1_GRP1_DisableClock
 543:Drivers/STM32F1xx_HAL_Driver/Inc/stm32f1xx_ll_bus.h ****   * @param  Periphs This parameter can be a combination of the following values:
 544:Drivers/STM32F1xx_HAL_Driver/Inc/stm32f1xx_ll_bus.h ****   *         @arg @ref LL_APB1_GRP1_PERIPH_BKP
 545:Drivers/STM32F1xx_HAL_Driver/Inc/stm32f1xx_ll_bus.h ****   *         @arg @ref LL_APB1_GRP1_PERIPH_CAN1 (*)
 546:Drivers/STM32F1xx_HAL_Driver/Inc/stm32f1xx_ll_bus.h ****   *         @arg @ref LL_APB1_GRP1_PERIPH_CAN2 (*)
 547:Drivers/STM32F1xx_HAL_Driver/Inc/stm32f1xx_ll_bus.h ****   *         @arg @ref LL_APB1_GRP1_PERIPH_CEC (*)
 548:Drivers/STM32F1xx_HAL_Driver/Inc/stm32f1xx_ll_bus.h ****   *         @arg @ref LL_APB1_GRP1_PERIPH_DAC1 (*)
 549:Drivers/STM32F1xx_HAL_Driver/Inc/stm32f1xx_ll_bus.h ****   *         @arg @ref LL_APB1_GRP1_PERIPH_I2C1
 550:Drivers/STM32F1xx_HAL_Driver/Inc/stm32f1xx_ll_bus.h ****   *         @arg @ref LL_APB1_GRP1_PERIPH_I2C2 (*)
 551:Drivers/STM32F1xx_HAL_Driver/Inc/stm32f1xx_ll_bus.h ****   *         @arg @ref LL_APB1_GRP1_PERIPH_PWR
 552:Drivers/STM32F1xx_HAL_Driver/Inc/stm32f1xx_ll_bus.h ****   *         @arg @ref LL_APB1_GRP1_PERIPH_SPI2 (*)
 553:Drivers/STM32F1xx_HAL_Driver/Inc/stm32f1xx_ll_bus.h ****   *         @arg @ref LL_APB1_GRP1_PERIPH_SPI3 (*)
 554:Drivers/STM32F1xx_HAL_Driver/Inc/stm32f1xx_ll_bus.h ****   *         @arg @ref LL_APB1_GRP1_PERIPH_TIM12 (*)
 555:Drivers/STM32F1xx_HAL_Driver/Inc/stm32f1xx_ll_bus.h ****   *         @arg @ref LL_APB1_GRP1_PERIPH_TIM13 (*)
 556:Drivers/STM32F1xx_HAL_Driver/Inc/stm32f1xx_ll_bus.h ****   *         @arg @ref LL_APB1_GRP1_PERIPH_TIM14 (*)
 557:Drivers/STM32F1xx_HAL_Driver/Inc/stm32f1xx_ll_bus.h ****   *         @arg @ref LL_APB1_GRP1_PERIPH_TIM2
 558:Drivers/STM32F1xx_HAL_Driver/Inc/stm32f1xx_ll_bus.h ****   *         @arg @ref LL_APB1_GRP1_PERIPH_TIM3
 559:Drivers/STM32F1xx_HAL_Driver/Inc/stm32f1xx_ll_bus.h ****   *         @arg @ref LL_APB1_GRP1_PERIPH_TIM4 (*)
 560:Drivers/STM32F1xx_HAL_Driver/Inc/stm32f1xx_ll_bus.h ****   *         @arg @ref LL_APB1_GRP1_PERIPH_TIM5 (*)
 561:Drivers/STM32F1xx_HAL_Driver/Inc/stm32f1xx_ll_bus.h ****   *         @arg @ref LL_APB1_GRP1_PERIPH_TIM6 (*)
 562:Drivers/STM32F1xx_HAL_Driver/Inc/stm32f1xx_ll_bus.h ****   *         @arg @ref LL_APB1_GRP1_PERIPH_TIM7 (*)
 563:Drivers/STM32F1xx_HAL_Driver/Inc/stm32f1xx_ll_bus.h ****   *         @arg @ref LL_APB1_GRP1_PERIPH_UART4 (*)
 564:Drivers/STM32F1xx_HAL_Driver/Inc/stm32f1xx_ll_bus.h ****   *         @arg @ref LL_APB1_GRP1_PERIPH_UART5 (*)
 565:Drivers/STM32F1xx_HAL_Driver/Inc/stm32f1xx_ll_bus.h ****   *         @arg @ref LL_APB1_GRP1_PERIPH_USART2
 566:Drivers/STM32F1xx_HAL_Driver/Inc/stm32f1xx_ll_bus.h ****   *         @arg @ref LL_APB1_GRP1_PERIPH_USART3 (*)
 567:Drivers/STM32F1xx_HAL_Driver/Inc/stm32f1xx_ll_bus.h ****   *         @arg @ref LL_APB1_GRP1_PERIPH_USB (*)
 568:Drivers/STM32F1xx_HAL_Driver/Inc/stm32f1xx_ll_bus.h ****   *         @arg @ref LL_APB1_GRP1_PERIPH_WWDG
 569:Drivers/STM32F1xx_HAL_Driver/Inc/stm32f1xx_ll_bus.h ****   *
 570:Drivers/STM32F1xx_HAL_Driver/Inc/stm32f1xx_ll_bus.h ****   *         (*) value not defined in all devices.
 571:Drivers/STM32F1xx_HAL_Driver/Inc/stm32f1xx_ll_bus.h ****   * @retval None
 572:Drivers/STM32F1xx_HAL_Driver/Inc/stm32f1xx_ll_bus.h **** */
 573:Drivers/STM32F1xx_HAL_Driver/Inc/stm32f1xx_ll_bus.h **** __STATIC_INLINE void LL_APB1_GRP1_DisableClock(uint32_t Periphs)
 574:Drivers/STM32F1xx_HAL_Driver/Inc/stm32f1xx_ll_bus.h **** {
 575:Drivers/STM32F1xx_HAL_Driver/Inc/stm32f1xx_ll_bus.h ****   CLEAR_BIT(RCC->APB1ENR, Periphs);
 576:Drivers/STM32F1xx_HAL_Driver/Inc/stm32f1xx_ll_bus.h **** }
 577:Drivers/STM32F1xx_HAL_Driver/Inc/stm32f1xx_ll_bus.h **** 
 578:Drivers/STM32F1xx_HAL_Driver/Inc/stm32f1xx_ll_bus.h **** /**
 579:Drivers/STM32F1xx_HAL_Driver/Inc/stm32f1xx_ll_bus.h ****   * @brief  Force APB1 peripherals reset.
 580:Drivers/STM32F1xx_HAL_Driver/Inc/stm32f1xx_ll_bus.h ****   * @rmtoll APB1RSTR     BKPRST        LL_APB1_GRP1_ForceReset\n
 581:Drivers/STM32F1xx_HAL_Driver/Inc/stm32f1xx_ll_bus.h ****   *         APB1RSTR     CAN1RST       LL_APB1_GRP1_ForceReset\n
 582:Drivers/STM32F1xx_HAL_Driver/Inc/stm32f1xx_ll_bus.h ****   *         APB1RSTR     CAN2RST       LL_APB1_GRP1_ForceReset\n
 583:Drivers/STM32F1xx_HAL_Driver/Inc/stm32f1xx_ll_bus.h ****   *         APB1RSTR     CECRST        LL_APB1_GRP1_ForceReset\n
 584:Drivers/STM32F1xx_HAL_Driver/Inc/stm32f1xx_ll_bus.h ****   *         APB1RSTR     DACRST        LL_APB1_GRP1_ForceReset\n
 585:Drivers/STM32F1xx_HAL_Driver/Inc/stm32f1xx_ll_bus.h ****   *         APB1RSTR     I2C1RST       LL_APB1_GRP1_ForceReset\n
 586:Drivers/STM32F1xx_HAL_Driver/Inc/stm32f1xx_ll_bus.h ****   *         APB1RSTR     I2C2RST       LL_APB1_GRP1_ForceReset\n
 587:Drivers/STM32F1xx_HAL_Driver/Inc/stm32f1xx_ll_bus.h ****   *         APB1RSTR     PWRRST        LL_APB1_GRP1_ForceReset\n
 588:Drivers/STM32F1xx_HAL_Driver/Inc/stm32f1xx_ll_bus.h ****   *         APB1RSTR     SPI2RST       LL_APB1_GRP1_ForceReset\n
 589:Drivers/STM32F1xx_HAL_Driver/Inc/stm32f1xx_ll_bus.h ****   *         APB1RSTR     SPI3RST       LL_APB1_GRP1_ForceReset\n
 590:Drivers/STM32F1xx_HAL_Driver/Inc/stm32f1xx_ll_bus.h ****   *         APB1RSTR     TIM12RST      LL_APB1_GRP1_ForceReset\n
ARM GAS  /tmp/ccmePoen.s 			page 13


 591:Drivers/STM32F1xx_HAL_Driver/Inc/stm32f1xx_ll_bus.h ****   *         APB1RSTR     TIM13RST      LL_APB1_GRP1_ForceReset\n
 592:Drivers/STM32F1xx_HAL_Driver/Inc/stm32f1xx_ll_bus.h ****   *         APB1RSTR     TIM14RST      LL_APB1_GRP1_ForceReset\n
 593:Drivers/STM32F1xx_HAL_Driver/Inc/stm32f1xx_ll_bus.h ****   *         APB1RSTR     TIM2RST       LL_APB1_GRP1_ForceReset\n
 594:Drivers/STM32F1xx_HAL_Driver/Inc/stm32f1xx_ll_bus.h ****   *         APB1RSTR     TIM3RST       LL_APB1_GRP1_ForceReset\n
 595:Drivers/STM32F1xx_HAL_Driver/Inc/stm32f1xx_ll_bus.h ****   *         APB1RSTR     TIM4RST       LL_APB1_GRP1_ForceReset\n
 596:Drivers/STM32F1xx_HAL_Driver/Inc/stm32f1xx_ll_bus.h ****   *         APB1RSTR     TIM5RST       LL_APB1_GRP1_ForceReset\n
 597:Drivers/STM32F1xx_HAL_Driver/Inc/stm32f1xx_ll_bus.h ****   *         APB1RSTR     TIM6RST       LL_APB1_GRP1_ForceReset\n
 598:Drivers/STM32F1xx_HAL_Driver/Inc/stm32f1xx_ll_bus.h ****   *         APB1RSTR     TIM7RST       LL_APB1_GRP1_ForceReset\n
 599:Drivers/STM32F1xx_HAL_Driver/Inc/stm32f1xx_ll_bus.h ****   *         APB1RSTR     UART4RST      LL_APB1_GRP1_ForceReset\n
 600:Drivers/STM32F1xx_HAL_Driver/Inc/stm32f1xx_ll_bus.h ****   *         APB1RSTR     UART5RST      LL_APB1_GRP1_ForceReset\n
 601:Drivers/STM32F1xx_HAL_Driver/Inc/stm32f1xx_ll_bus.h ****   *         APB1RSTR     USART2RST     LL_APB1_GRP1_ForceReset\n
 602:Drivers/STM32F1xx_HAL_Driver/Inc/stm32f1xx_ll_bus.h ****   *         APB1RSTR     USART3RST     LL_APB1_GRP1_ForceReset\n
 603:Drivers/STM32F1xx_HAL_Driver/Inc/stm32f1xx_ll_bus.h ****   *         APB1RSTR     USBRST        LL_APB1_GRP1_ForceReset\n
 604:Drivers/STM32F1xx_HAL_Driver/Inc/stm32f1xx_ll_bus.h ****   *         APB1RSTR     WWDGRST       LL_APB1_GRP1_ForceReset
 605:Drivers/STM32F1xx_HAL_Driver/Inc/stm32f1xx_ll_bus.h ****   * @param  Periphs This parameter can be a combination of the following values:
 606:Drivers/STM32F1xx_HAL_Driver/Inc/stm32f1xx_ll_bus.h ****   *         @arg @ref LL_APB1_GRP1_PERIPH_ALL
 607:Drivers/STM32F1xx_HAL_Driver/Inc/stm32f1xx_ll_bus.h ****   *         @arg @ref LL_APB1_GRP1_PERIPH_BKP
 608:Drivers/STM32F1xx_HAL_Driver/Inc/stm32f1xx_ll_bus.h ****   *         @arg @ref LL_APB1_GRP1_PERIPH_CAN1 (*)
 609:Drivers/STM32F1xx_HAL_Driver/Inc/stm32f1xx_ll_bus.h ****   *         @arg @ref LL_APB1_GRP1_PERIPH_CAN2 (*)
 610:Drivers/STM32F1xx_HAL_Driver/Inc/stm32f1xx_ll_bus.h ****   *         @arg @ref LL_APB1_GRP1_PERIPH_CEC (*)
 611:Drivers/STM32F1xx_HAL_Driver/Inc/stm32f1xx_ll_bus.h ****   *         @arg @ref LL_APB1_GRP1_PERIPH_DAC1 (*)
 612:Drivers/STM32F1xx_HAL_Driver/Inc/stm32f1xx_ll_bus.h ****   *         @arg @ref LL_APB1_GRP1_PERIPH_I2C1
 613:Drivers/STM32F1xx_HAL_Driver/Inc/stm32f1xx_ll_bus.h ****   *         @arg @ref LL_APB1_GRP1_PERIPH_I2C2 (*)
 614:Drivers/STM32F1xx_HAL_Driver/Inc/stm32f1xx_ll_bus.h ****   *         @arg @ref LL_APB1_GRP1_PERIPH_PWR
 615:Drivers/STM32F1xx_HAL_Driver/Inc/stm32f1xx_ll_bus.h ****   *         @arg @ref LL_APB1_GRP1_PERIPH_SPI2 (*)
 616:Drivers/STM32F1xx_HAL_Driver/Inc/stm32f1xx_ll_bus.h ****   *         @arg @ref LL_APB1_GRP1_PERIPH_SPI3 (*)
 617:Drivers/STM32F1xx_HAL_Driver/Inc/stm32f1xx_ll_bus.h ****   *         @arg @ref LL_APB1_GRP1_PERIPH_TIM12 (*)
 618:Drivers/STM32F1xx_HAL_Driver/Inc/stm32f1xx_ll_bus.h ****   *         @arg @ref LL_APB1_GRP1_PERIPH_TIM13 (*)
 619:Drivers/STM32F1xx_HAL_Driver/Inc/stm32f1xx_ll_bus.h ****   *         @arg @ref LL_APB1_GRP1_PERIPH_TIM14 (*)
 620:Drivers/STM32F1xx_HAL_Driver/Inc/stm32f1xx_ll_bus.h ****   *         @arg @ref LL_APB1_GRP1_PERIPH_TIM2
 621:Drivers/STM32F1xx_HAL_Driver/Inc/stm32f1xx_ll_bus.h ****   *         @arg @ref LL_APB1_GRP1_PERIPH_TIM3
 622:Drivers/STM32F1xx_HAL_Driver/Inc/stm32f1xx_ll_bus.h ****   *         @arg @ref LL_APB1_GRP1_PERIPH_TIM4 (*)
 623:Drivers/STM32F1xx_HAL_Driver/Inc/stm32f1xx_ll_bus.h ****   *         @arg @ref LL_APB1_GRP1_PERIPH_TIM5 (*)
 624:Drivers/STM32F1xx_HAL_Driver/Inc/stm32f1xx_ll_bus.h ****   *         @arg @ref LL_APB1_GRP1_PERIPH_TIM6 (*)
 625:Drivers/STM32F1xx_HAL_Driver/Inc/stm32f1xx_ll_bus.h ****   *         @arg @ref LL_APB1_GRP1_PERIPH_TIM7 (*)
 626:Drivers/STM32F1xx_HAL_Driver/Inc/stm32f1xx_ll_bus.h ****   *         @arg @ref LL_APB1_GRP1_PERIPH_UART4 (*)
 627:Drivers/STM32F1xx_HAL_Driver/Inc/stm32f1xx_ll_bus.h ****   *         @arg @ref LL_APB1_GRP1_PERIPH_UART5 (*)
 628:Drivers/STM32F1xx_HAL_Driver/Inc/stm32f1xx_ll_bus.h ****   *         @arg @ref LL_APB1_GRP1_PERIPH_USART2
 629:Drivers/STM32F1xx_HAL_Driver/Inc/stm32f1xx_ll_bus.h ****   *         @arg @ref LL_APB1_GRP1_PERIPH_USART3 (*)
 630:Drivers/STM32F1xx_HAL_Driver/Inc/stm32f1xx_ll_bus.h ****   *         @arg @ref LL_APB1_GRP1_PERIPH_USB (*)
 631:Drivers/STM32F1xx_HAL_Driver/Inc/stm32f1xx_ll_bus.h ****   *         @arg @ref LL_APB1_GRP1_PERIPH_WWDG
 632:Drivers/STM32F1xx_HAL_Driver/Inc/stm32f1xx_ll_bus.h ****   *
 633:Drivers/STM32F1xx_HAL_Driver/Inc/stm32f1xx_ll_bus.h ****   *         (*) value not defined in all devices.
 634:Drivers/STM32F1xx_HAL_Driver/Inc/stm32f1xx_ll_bus.h ****   * @retval None
 635:Drivers/STM32F1xx_HAL_Driver/Inc/stm32f1xx_ll_bus.h **** */
 636:Drivers/STM32F1xx_HAL_Driver/Inc/stm32f1xx_ll_bus.h **** __STATIC_INLINE void LL_APB1_GRP1_ForceReset(uint32_t Periphs)
  37              		.loc 2 636 22 view .LVU2
  38              	.LBB7:
 637:Drivers/STM32F1xx_HAL_Driver/Inc/stm32f1xx_ll_bus.h **** {
 638:Drivers/STM32F1xx_HAL_Driver/Inc/stm32f1xx_ll_bus.h ****   SET_BIT(RCC->APB1RSTR, Periphs);
  39              		.loc 2 638 3 view .LVU3
  40 0000 054B     		ldr	r3, .L2
  41 0002 1A69     		ldr	r2, [r3, #16]
  42 0004 42F08052 		orr	r2, r2, #268435456
  43 0008 1A61     		str	r2, [r3, #16]
  44              	.LVL1:
  45              		.loc 2 638 3 is_stmt 0 view .LVU4
ARM GAS  /tmp/ccmePoen.s 			page 14


  46              	.LBE7:
  47              	.LBE6:
  60:Drivers/STM32F1xx_HAL_Driver/Src/stm32f1xx_ll_pwr.c **** 
  61:Drivers/STM32F1xx_HAL_Driver/Src/stm32f1xx_ll_pwr.c ****   /* Release reset of PWR clock */
  62:Drivers/STM32F1xx_HAL_Driver/Src/stm32f1xx_ll_pwr.c ****   LL_APB1_GRP1_ReleaseReset(LL_APB1_GRP1_PERIPH_PWR);
  48              		.loc 1 62 3 is_stmt 1 view .LVU5
  49              	.LBB8:
  50              	.LBI8:
 639:Drivers/STM32F1xx_HAL_Driver/Inc/stm32f1xx_ll_bus.h **** }
 640:Drivers/STM32F1xx_HAL_Driver/Inc/stm32f1xx_ll_bus.h **** 
 641:Drivers/STM32F1xx_HAL_Driver/Inc/stm32f1xx_ll_bus.h **** /**
 642:Drivers/STM32F1xx_HAL_Driver/Inc/stm32f1xx_ll_bus.h ****   * @brief  Release APB1 peripherals reset.
 643:Drivers/STM32F1xx_HAL_Driver/Inc/stm32f1xx_ll_bus.h ****   * @rmtoll APB1RSTR     BKPRST        LL_APB1_GRP1_ReleaseReset\n
 644:Drivers/STM32F1xx_HAL_Driver/Inc/stm32f1xx_ll_bus.h ****   *         APB1RSTR     CAN1RST       LL_APB1_GRP1_ReleaseReset\n
 645:Drivers/STM32F1xx_HAL_Driver/Inc/stm32f1xx_ll_bus.h ****   *         APB1RSTR     CAN2RST       LL_APB1_GRP1_ReleaseReset\n
 646:Drivers/STM32F1xx_HAL_Driver/Inc/stm32f1xx_ll_bus.h ****   *         APB1RSTR     CECRST        LL_APB1_GRP1_ReleaseReset\n
 647:Drivers/STM32F1xx_HAL_Driver/Inc/stm32f1xx_ll_bus.h ****   *         APB1RSTR     DACRST        LL_APB1_GRP1_ReleaseReset\n
 648:Drivers/STM32F1xx_HAL_Driver/Inc/stm32f1xx_ll_bus.h ****   *         APB1RSTR     I2C1RST       LL_APB1_GRP1_ReleaseReset\n
 649:Drivers/STM32F1xx_HAL_Driver/Inc/stm32f1xx_ll_bus.h ****   *         APB1RSTR     I2C2RST       LL_APB1_GRP1_ReleaseReset\n
 650:Drivers/STM32F1xx_HAL_Driver/Inc/stm32f1xx_ll_bus.h ****   *         APB1RSTR     PWRRST        LL_APB1_GRP1_ReleaseReset\n
 651:Drivers/STM32F1xx_HAL_Driver/Inc/stm32f1xx_ll_bus.h ****   *         APB1RSTR     SPI2RST       LL_APB1_GRP1_ReleaseReset\n
 652:Drivers/STM32F1xx_HAL_Driver/Inc/stm32f1xx_ll_bus.h ****   *         APB1RSTR     SPI3RST       LL_APB1_GRP1_ReleaseReset\n
 653:Drivers/STM32F1xx_HAL_Driver/Inc/stm32f1xx_ll_bus.h ****   *         APB1RSTR     TIM12RST      LL_APB1_GRP1_ReleaseReset\n
 654:Drivers/STM32F1xx_HAL_Driver/Inc/stm32f1xx_ll_bus.h ****   *         APB1RSTR     TIM13RST      LL_APB1_GRP1_ReleaseReset\n
 655:Drivers/STM32F1xx_HAL_Driver/Inc/stm32f1xx_ll_bus.h ****   *         APB1RSTR     TIM14RST      LL_APB1_GRP1_ReleaseReset\n
 656:Drivers/STM32F1xx_HAL_Driver/Inc/stm32f1xx_ll_bus.h ****   *         APB1RSTR     TIM2RST       LL_APB1_GRP1_ReleaseReset\n
 657:Drivers/STM32F1xx_HAL_Driver/Inc/stm32f1xx_ll_bus.h ****   *         APB1RSTR     TIM3RST       LL_APB1_GRP1_ReleaseReset\n
 658:Drivers/STM32F1xx_HAL_Driver/Inc/stm32f1xx_ll_bus.h ****   *         APB1RSTR     TIM4RST       LL_APB1_GRP1_ReleaseReset\n
 659:Drivers/STM32F1xx_HAL_Driver/Inc/stm32f1xx_ll_bus.h ****   *         APB1RSTR     TIM5RST       LL_APB1_GRP1_ReleaseReset\n
 660:Drivers/STM32F1xx_HAL_Driver/Inc/stm32f1xx_ll_bus.h ****   *         APB1RSTR     TIM6RST       LL_APB1_GRP1_ReleaseReset\n
 661:Drivers/STM32F1xx_HAL_Driver/Inc/stm32f1xx_ll_bus.h ****   *         APB1RSTR     TIM7RST       LL_APB1_GRP1_ReleaseReset\n
 662:Drivers/STM32F1xx_HAL_Driver/Inc/stm32f1xx_ll_bus.h ****   *         APB1RSTR     UART4RST      LL_APB1_GRP1_ReleaseReset\n
 663:Drivers/STM32F1xx_HAL_Driver/Inc/stm32f1xx_ll_bus.h ****   *         APB1RSTR     UART5RST      LL_APB1_GRP1_ReleaseReset\n
 664:Drivers/STM32F1xx_HAL_Driver/Inc/stm32f1xx_ll_bus.h ****   *         APB1RSTR     USART2RST     LL_APB1_GRP1_ReleaseReset\n
 665:Drivers/STM32F1xx_HAL_Driver/Inc/stm32f1xx_ll_bus.h ****   *         APB1RSTR     USART3RST     LL_APB1_GRP1_ReleaseReset\n
 666:Drivers/STM32F1xx_HAL_Driver/Inc/stm32f1xx_ll_bus.h ****   *         APB1RSTR     USBRST        LL_APB1_GRP1_ReleaseReset\n
 667:Drivers/STM32F1xx_HAL_Driver/Inc/stm32f1xx_ll_bus.h ****   *         APB1RSTR     WWDGRST       LL_APB1_GRP1_ReleaseReset
 668:Drivers/STM32F1xx_HAL_Driver/Inc/stm32f1xx_ll_bus.h ****   * @param  Periphs This parameter can be a combination of the following values:
 669:Drivers/STM32F1xx_HAL_Driver/Inc/stm32f1xx_ll_bus.h ****   *         @arg @ref LL_APB1_GRP1_PERIPH_ALL
 670:Drivers/STM32F1xx_HAL_Driver/Inc/stm32f1xx_ll_bus.h ****   *         @arg @ref LL_APB1_GRP1_PERIPH_BKP
 671:Drivers/STM32F1xx_HAL_Driver/Inc/stm32f1xx_ll_bus.h ****   *         @arg @ref LL_APB1_GRP1_PERIPH_CAN1 (*)
 672:Drivers/STM32F1xx_HAL_Driver/Inc/stm32f1xx_ll_bus.h ****   *         @arg @ref LL_APB1_GRP1_PERIPH_CAN2 (*)
 673:Drivers/STM32F1xx_HAL_Driver/Inc/stm32f1xx_ll_bus.h ****   *         @arg @ref LL_APB1_GRP1_PERIPH_CEC (*)
 674:Drivers/STM32F1xx_HAL_Driver/Inc/stm32f1xx_ll_bus.h ****   *         @arg @ref LL_APB1_GRP1_PERIPH_DAC1 (*)
 675:Drivers/STM32F1xx_HAL_Driver/Inc/stm32f1xx_ll_bus.h ****   *         @arg @ref LL_APB1_GRP1_PERIPH_I2C1
 676:Drivers/STM32F1xx_HAL_Driver/Inc/stm32f1xx_ll_bus.h ****   *         @arg @ref LL_APB1_GRP1_PERIPH_I2C2 (*)
 677:Drivers/STM32F1xx_HAL_Driver/Inc/stm32f1xx_ll_bus.h ****   *         @arg @ref LL_APB1_GRP1_PERIPH_PWR
 678:Drivers/STM32F1xx_HAL_Driver/Inc/stm32f1xx_ll_bus.h ****   *         @arg @ref LL_APB1_GRP1_PERIPH_SPI2 (*)
 679:Drivers/STM32F1xx_HAL_Driver/Inc/stm32f1xx_ll_bus.h ****   *         @arg @ref LL_APB1_GRP1_PERIPH_SPI3 (*)
 680:Drivers/STM32F1xx_HAL_Driver/Inc/stm32f1xx_ll_bus.h ****   *         @arg @ref LL_APB1_GRP1_PERIPH_TIM12 (*)
 681:Drivers/STM32F1xx_HAL_Driver/Inc/stm32f1xx_ll_bus.h ****   *         @arg @ref LL_APB1_GRP1_PERIPH_TIM13 (*)
 682:Drivers/STM32F1xx_HAL_Driver/Inc/stm32f1xx_ll_bus.h ****   *         @arg @ref LL_APB1_GRP1_PERIPH_TIM14 (*)
 683:Drivers/STM32F1xx_HAL_Driver/Inc/stm32f1xx_ll_bus.h ****   *         @arg @ref LL_APB1_GRP1_PERIPH_TIM2
 684:Drivers/STM32F1xx_HAL_Driver/Inc/stm32f1xx_ll_bus.h ****   *         @arg @ref LL_APB1_GRP1_PERIPH_TIM3
 685:Drivers/STM32F1xx_HAL_Driver/Inc/stm32f1xx_ll_bus.h ****   *         @arg @ref LL_APB1_GRP1_PERIPH_TIM4 (*)
 686:Drivers/STM32F1xx_HAL_Driver/Inc/stm32f1xx_ll_bus.h ****   *         @arg @ref LL_APB1_GRP1_PERIPH_TIM5 (*)
 687:Drivers/STM32F1xx_HAL_Driver/Inc/stm32f1xx_ll_bus.h ****   *         @arg @ref LL_APB1_GRP1_PERIPH_TIM6 (*)
ARM GAS  /tmp/ccmePoen.s 			page 15


 688:Drivers/STM32F1xx_HAL_Driver/Inc/stm32f1xx_ll_bus.h ****   *         @arg @ref LL_APB1_GRP1_PERIPH_TIM7 (*)
 689:Drivers/STM32F1xx_HAL_Driver/Inc/stm32f1xx_ll_bus.h ****   *         @arg @ref LL_APB1_GRP1_PERIPH_UART4 (*)
 690:Drivers/STM32F1xx_HAL_Driver/Inc/stm32f1xx_ll_bus.h ****   *         @arg @ref LL_APB1_GRP1_PERIPH_UART5 (*)
 691:Drivers/STM32F1xx_HAL_Driver/Inc/stm32f1xx_ll_bus.h ****   *         @arg @ref LL_APB1_GRP1_PERIPH_USART2
 692:Drivers/STM32F1xx_HAL_Driver/Inc/stm32f1xx_ll_bus.h ****   *         @arg @ref LL_APB1_GRP1_PERIPH_USART3 (*)
 693:Drivers/STM32F1xx_HAL_Driver/Inc/stm32f1xx_ll_bus.h ****   *         @arg @ref LL_APB1_GRP1_PERIPH_USB (*)
 694:Drivers/STM32F1xx_HAL_Driver/Inc/stm32f1xx_ll_bus.h ****   *         @arg @ref LL_APB1_GRP1_PERIPH_WWDG
 695:Drivers/STM32F1xx_HAL_Driver/Inc/stm32f1xx_ll_bus.h ****   *
 696:Drivers/STM32F1xx_HAL_Driver/Inc/stm32f1xx_ll_bus.h ****   *         (*) value not defined in all devices.
 697:Drivers/STM32F1xx_HAL_Driver/Inc/stm32f1xx_ll_bus.h ****   * @retval None
 698:Drivers/STM32F1xx_HAL_Driver/Inc/stm32f1xx_ll_bus.h **** */
 699:Drivers/STM32F1xx_HAL_Driver/Inc/stm32f1xx_ll_bus.h **** __STATIC_INLINE void LL_APB1_GRP1_ReleaseReset(uint32_t Periphs)
  51              		.loc 2 699 22 view .LVU6
  52              	.LBB9:
 700:Drivers/STM32F1xx_HAL_Driver/Inc/stm32f1xx_ll_bus.h **** {
 701:Drivers/STM32F1xx_HAL_Driver/Inc/stm32f1xx_ll_bus.h ****   CLEAR_BIT(RCC->APB1RSTR, Periphs);
  53              		.loc 2 701 3 view .LVU7
  54 000a 1A69     		ldr	r2, [r3, #16]
  55 000c 22F08052 		bic	r2, r2, #268435456
  56 0010 1A61     		str	r2, [r3, #16]
  57              	.LVL2:
  58              		.loc 2 701 3 is_stmt 0 view .LVU8
  59              	.LBE9:
  60              	.LBE8:
  63:Drivers/STM32F1xx_HAL_Driver/Src/stm32f1xx_ll_pwr.c **** 
  64:Drivers/STM32F1xx_HAL_Driver/Src/stm32f1xx_ll_pwr.c ****   return SUCCESS;
  61              		.loc 1 64 3 is_stmt 1 view .LVU9
  65:Drivers/STM32F1xx_HAL_Driver/Src/stm32f1xx_ll_pwr.c **** }
  62              		.loc 1 65 1 is_stmt 0 view .LVU10
  63 0012 0020     		movs	r0, #0
  64 0014 7047     		bx	lr
  65              	.L3:
  66 0016 00BF     		.align	2
  67              	.L2:
  68 0018 00100240 		.word	1073876992
  69              		.cfi_endproc
  70              	.LFE98:
  72              		.text
  73              	.Letext0:
  74              		.file 3 "/usr/arm-none-eabi/include/machine/_default_types.h"
  75              		.file 4 "/usr/arm-none-eabi/include/sys/_stdint.h"
  76              		.file 5 "Drivers/CMSIS/Device/ST/STM32F1xx/Include/stm32f103xb.h"
  77              		.file 6 "Drivers/CMSIS/Device/ST/STM32F1xx/Include/stm32f1xx.h"
ARM GAS  /tmp/ccmePoen.s 			page 16


DEFINED SYMBOLS
                            *ABS*:00000000 stm32f1xx_ll_pwr.c
     /tmp/ccmePoen.s:19     .text.LL_PWR_DeInit:00000000 $t
     /tmp/ccmePoen.s:25     .text.LL_PWR_DeInit:00000000 LL_PWR_DeInit
     /tmp/ccmePoen.s:68     .text.LL_PWR_DeInit:00000018 $d

NO UNDEFINED SYMBOLS
